Vesta static timing analysis, pin-to-register and register-to-pin maximum timing

Top 20 maximum delay paths:
Path input pin bundleAddress_i[60] to DFFPOSX1_929/D delay 2556.6 ps
      0.0 ps  bundleAddress_i[60]:                ->  NAND2X1_470/A
    205.5 ps               _2825_:  NAND2X1_470/Y ->   NOR2X1_124/A
    408.4 ps               _2836_:   NOR2X1_124/Y ->  NAND2X1_593/A
    796.9 ps               _3151_:  NAND2X1_593/Y ->    INVX1_201/A
    961.9 ps               _3184_:    INVX1_201/Y ->  NAND2X1_598/A
   1435.6 ps               _3186_:  NAND2X1_598/Y ->    NOR3X1_18/C
   1762.8 ps               _3334_:    NOR3X1_18/Y ->  NAND2X1_622/B
   2056.3 ps               _3351_:  NAND2X1_622/Y ->    INVX1_215/A
   2201.5 ps               _3352_:    INVX1_215/Y ->   AOI21X1_57/B
   2290.5 ps               _3359_:   AOI21X1_57/Y -> OAI21X1_1367/A
   2365.8 ps                _927_: OAI21X1_1367/Y -> DFFPOSX1_929/D

   setup at destination = 190.829

Path input pin bundleAddress_i[60] to DFFPOSX1_927/D delay 2550.78 ps
      0.0 ps  bundleAddress_i[60]:                ->  NAND2X1_470/A
    205.5 ps               _2825_:  NAND2X1_470/Y ->   NOR2X1_124/A
    408.4 ps               _2836_:   NOR2X1_124/Y ->  NAND2X1_593/A
    796.9 ps               _3151_:  NAND2X1_593/Y ->    INVX1_201/A
    961.9 ps               _3184_:    INVX1_201/Y ->  NAND2X1_598/A
   1435.6 ps               _3186_:  NAND2X1_598/Y ->    NOR3X1_18/C
   1762.8 ps               _3334_:    NOR3X1_18/Y ->  NAND2X1_622/B
   2056.3 ps               _3351_:  NAND2X1_622/Y ->    INVX1_215/A
   2201.5 ps               _3352_:    INVX1_215/Y ->   NOR2X1_209/B
   2283.5 ps               _3353_:   NOR2X1_209/Y -> OAI21X1_1360/A
   2359.6 ps                _925_: OAI21X1_1360/Y -> DFFPOSX1_927/D

   setup at destination = 191.142

Path input pin bundleAddress_i[60] to DFFPOSX1_912/D delay 2515.19 ps
      0.0 ps  bundleAddress_i[60]:                ->  NAND2X1_470/A
    205.5 ps               _2825_:  NAND2X1_470/Y ->   NOR2X1_124/A
    408.4 ps               _2836_:   NOR2X1_124/Y ->  NAND2X1_593/A
    796.9 ps               _3151_:  NAND2X1_593/Y ->    INVX1_201/A
    961.9 ps               _3184_:    INVX1_201/Y ->  NAND2X1_598/A
   1435.6 ps               _3186_:  NAND2X1_598/Y ->   NOR2X1_197/B
   1764.4 ps               _3259_:   NOR2X1_197/Y ->  NAND2X1_610/B
   2056.3 ps               _3275_:  NAND2X1_610/Y -> OAI21X1_1317/A
   2166.8 ps               _3280_: OAI21X1_1317/Y -> OAI21X1_1318/C
   2247.8 ps               _3281_: OAI21X1_1318/Y -> OAI21X1_1319/A
   2324.0 ps                _910_: OAI21X1_1319/Y -> DFFPOSX1_912/D

   setup at destination = 191.151

Path input pin bundleAddress_i[60] to DFFPOSX1_928/D delay 2514.65 ps
      0.0 ps  bundleAddress_i[60]:                ->  NAND2X1_470/A
    205.5 ps               _2825_:  NAND2X1_470/Y ->   NOR2X1_124/A
    408.4 ps               _2836_:   NOR2X1_124/Y ->  NAND2X1_593/A
    796.9 ps               _3151_:  NAND2X1_593/Y ->    INVX1_201/A
    961.9 ps               _3184_:    INVX1_201/Y ->  NAND2X1_598/A
   1435.6 ps               _3186_:  NAND2X1_598/Y ->    NOR3X1_18/C
   1762.8 ps               _3334_:    NOR3X1_18/Y ->  NAND2X1_622/B
   2056.3 ps               _3351_:  NAND2X1_622/Y -> OAI21X1_1362/A
   2166.5 ps               _3356_: OAI21X1_1362/Y -> OAI21X1_1363/C
   2247.3 ps               _3357_: OAI21X1_1363/Y -> OAI21X1_1364/A
   2323.5 ps                _926_: OAI21X1_1364/Y -> DFFPOSX1_928/D

   setup at destination = 191.146

Path input pin bundleAddress_i[60] to DFFPOSX1_930/D delay 2514.65 ps
      0.0 ps  bundleAddress_i[60]:                ->  NAND2X1_470/A
    205.5 ps               _2825_:  NAND2X1_470/Y ->   NOR2X1_124/A
    408.4 ps               _2836_:   NOR2X1_124/Y ->  NAND2X1_593/A
    796.9 ps               _3151_:  NAND2X1_593/Y ->    INVX1_201/A
    961.9 ps               _3184_:    INVX1_201/Y ->  NAND2X1_598/A
   1435.6 ps               _3186_:  NAND2X1_598/Y ->    NOR3X1_18/C
   1762.8 ps               _3334_:    NOR3X1_18/Y ->  NAND2X1_622/B
   2056.3 ps               _3351_:  NAND2X1_622/Y -> OAI21X1_1368/A
   2166.5 ps               _3364_: OAI21X1_1368/Y -> OAI21X1_1369/C
   2247.3 ps               _3365_: OAI21X1_1369/Y -> OAI21X1_1371/A
   2323.5 ps                _928_: OAI21X1_1371/Y -> DFFPOSX1_930/D

   setup at destination = 191.146

Path input pin bundleAddress_i[60] to DFFPOSX1_914/D delay 2503.67 ps
      0.0 ps  bundleAddress_i[60]:                ->  NAND2X1_470/A
    205.5 ps               _2825_:  NAND2X1_470/Y ->   NOR2X1_124/A
    408.4 ps               _2836_:   NOR2X1_124/Y ->  NAND2X1_593/A
    796.9 ps               _3151_:  NAND2X1_593/Y ->    INVX1_201/A
    961.9 ps               _3184_:    INVX1_201/Y ->  NAND2X1_598/A
   1435.6 ps               _3186_:  NAND2X1_598/Y ->   NOR2X1_197/B
   1764.4 ps               _3259_:   NOR2X1_197/Y ->  NAND2X1_610/B
   2056.3 ps               _3275_:  NAND2X1_610/Y ->    NOR3X1_16/C
   2165.5 ps               _3288_:    NOR3X1_16/Y -> OAI21X1_1323/A
   2253.7 ps               _3294_: OAI21X1_1323/Y -> OAI21X1_1324/C
   2312.9 ps                _912_: OAI21X1_1324/Y -> DFFPOSX1_914/D

   setup at destination = 190.778

Path input pin bundleAddress_i[60] to DFFPOSX1_934/D delay 2471.37 ps
      0.0 ps  bundleAddress_i[60]:                ->  NAND2X1_470/A
    205.5 ps               _2825_:  NAND2X1_470/Y ->   NOR2X1_124/A
    408.4 ps               _2836_:   NOR2X1_124/Y ->  NAND2X1_593/A
    796.9 ps               _3151_:  NAND2X1_593/Y ->    INVX1_201/A
    961.9 ps               _3184_:    INVX1_201/Y ->  NAND2X1_598/A
   1435.6 ps               _3186_:  NAND2X1_598/Y ->    NOR3X1_18/C
   1762.8 ps               _3334_:    NOR3X1_18/Y ->   NAND3X1_61/C
   1991.7 ps               _3372_:   NAND3X1_61/Y ->    INVX1_217/A
   2119.0 ps               _3374_:    INVX1_217/Y ->   AOI21X1_59/B
   2205.7 ps               _3379_:   AOI21X1_59/Y -> OAI21X1_1381/A
   2280.7 ps                _932_: OAI21X1_1381/Y -> DFFPOSX1_934/D

   setup at destination = 190.704

Path input pin bundleAddress_i[60] to DFFPOSX1_933/D delay 2464.36 ps
      0.0 ps  bundleAddress_i[60]:                ->  NAND2X1_470/A
    205.5 ps               _2825_:  NAND2X1_470/Y ->   NOR2X1_124/A
    408.4 ps               _2836_:   NOR2X1_124/Y ->  NAND2X1_593/A
    796.9 ps               _3151_:  NAND2X1_593/Y ->    INVX1_201/A
    961.9 ps               _3184_:    INVX1_201/Y ->  NAND2X1_598/A
   1435.6 ps               _3186_:  NAND2X1_598/Y ->    NOR3X1_18/C
   1762.8 ps               _3334_:    NOR3X1_18/Y ->   NAND3X1_61/C
   1991.7 ps               _3372_:   NAND3X1_61/Y ->    INVX1_217/A
   2119.0 ps               _3374_:    INVX1_217/Y ->   NOR2X1_212/B
   2197.7 ps               _3375_:   NOR2X1_212/Y -> OAI21X1_1378/A
   2273.4 ps                _931_: OAI21X1_1378/Y -> DFFPOSX1_933/D

   setup at destination = 190.973

Path input pin bundleAddress_i[60] to DFFPOSX1_911/D delay 2459.65 ps
      0.0 ps  bundleAddress_i[60]:                ->  NAND2X1_470/A
    205.5 ps               _2825_:  NAND2X1_470/Y ->   NOR2X1_124/A
    408.4 ps               _2836_:   NOR2X1_124/Y ->  NAND2X1_593/A
    796.9 ps               _3151_:  NAND2X1_593/Y ->    INVX1_201/A
    961.9 ps               _3184_:    INVX1_201/Y ->  NAND2X1_598/A
   1435.6 ps               _3186_:  NAND2X1_598/Y ->   NOR2X1_197/B
   1764.4 ps               _3259_:   NOR2X1_197/Y ->  NAND2X1_610/B
   2056.3 ps               _3275_:  NAND2X1_610/Y ->   XNOR2X1_84/A
   2192.9 ps               _3277_:   XNOR2X1_84/Y -> OAI21X1_1315/A
   2269.1 ps                _909_: OAI21X1_1315/Y -> DFFPOSX1_911/D

   setup at destination = 190.519

Path input pin bundleAddress_i[60] to DFFPOSX1_910/D delay 2451.59 ps
      0.0 ps  bundleAddress_i[60]:                ->  NAND2X1_470/A
    205.5 ps               _2825_:  NAND2X1_470/Y ->   NOR2X1_124/A
    408.4 ps               _2836_:   NOR2X1_124/Y ->  NAND2X1_593/A
    796.9 ps               _3151_:  NAND2X1_593/Y ->    INVX1_201/A
    961.9 ps               _3184_:    INVX1_201/Y ->  NAND2X1_598/A
   1435.6 ps               _3186_:  NAND2X1_598/Y ->   NOR2X1_197/B
   1764.4 ps               _3259_:   NOR2X1_197/Y ->  NAND2X1_610/B
   2056.3 ps               _3275_:  NAND2X1_610/Y ->  NAND2X1_611/B
   2181.8 ps               _3276_:  NAND2X1_611/Y -> OAI21X1_1313/B
   2261.4 ps                _908_: OAI21X1_1313/Y -> DFFPOSX1_910/D

   setup at destination = 190.157

Path input pin bundleAddress_i[60] to DFFPOSX1_920/D delay 2376.93 ps
      0.0 ps  bundleAddress_i[60]:                ->  NAND2X1_470/A
    205.5 ps               _2825_:  NAND2X1_470/Y ->   NOR2X1_124/A
    408.4 ps               _2836_:   NOR2X1_124/Y ->  NAND2X1_593/A
    796.9 ps               _3151_:  NAND2X1_593/Y ->    INVX1_201/A
    961.9 ps               _3184_:    INVX1_201/Y ->  NAND2X1_598/A
   1435.6 ps               _3186_:  NAND2X1_598/Y ->    NOR3X1_17/C
   1727.1 ps               _3292_:    NOR3X1_17/Y ->  NAND2X1_618/B
   1909.5 ps               _3315_:  NAND2X1_618/Y ->    INVX1_212/A
   2025.8 ps               _3316_:    INVX1_212/Y ->   AOI21X1_53/B
   2111.5 ps               _3320_:   AOI21X1_53/Y -> OAI21X1_1341/A
   2186.3 ps                _918_: OAI21X1_1341/Y -> DFFPOSX1_920/D

   setup at destination = 190.649

Path input pin bundleAddress_i[60] to DFFPOSX1_913/D delay 2372.68 ps
      0.0 ps  bundleAddress_i[60]:                ->  NAND2X1_470/A
    205.5 ps               _2825_:  NAND2X1_470/Y ->   NOR2X1_124/A
    408.4 ps               _2836_:   NOR2X1_124/Y ->  NAND2X1_593/A
    796.9 ps               _3151_:  NAND2X1_593/Y ->    INVX1_201/A
    961.9 ps               _3184_:    INVX1_201/Y ->  NAND2X1_598/A
   1435.6 ps               _3186_:  NAND2X1_598/Y ->   NOR2X1_197/B
   1764.4 ps               _3259_:   NOR2X1_197/Y ->    AND2X2_31/A
   1948.8 ps               _3283_:    AND2X2_31/Y ->  NAND2X1_612/B
   2018.1 ps               _3285_:  NAND2X1_612/Y -> OAI21X1_1321/A
   2106.3 ps               _3286_: OAI21X1_1321/Y -> OAI21X1_1322/A
   2182.1 ps                _911_: OAI21X1_1322/Y -> DFFPOSX1_913/D

   setup at destination = 190.546

Path input pin bundleAddress_i[60] to DFFPOSX1_919/D delay 2369.39 ps
      0.0 ps  bundleAddress_i[60]:                ->  NAND2X1_470/A
    205.5 ps               _2825_:  NAND2X1_470/Y ->   NOR2X1_124/A
    408.4 ps               _2836_:   NOR2X1_124/Y ->  NAND2X1_593/A
    796.9 ps               _3151_:  NAND2X1_593/Y ->    INVX1_201/A
    961.9 ps               _3184_:    INVX1_201/Y ->  NAND2X1_598/A
   1435.6 ps               _3186_:  NAND2X1_598/Y ->    NOR3X1_17/C
   1727.1 ps               _3292_:    NOR3X1_17/Y ->  NAND2X1_618/B
   1909.5 ps               _3315_:  NAND2X1_618/Y ->    INVX1_212/A
   2025.8 ps               _3316_:    INVX1_212/Y ->   NOR2X1_205/B
   2103.0 ps               _3317_:   NOR2X1_205/Y -> OAI21X1_1338/A
   2178.5 ps                _917_: OAI21X1_1338/Y -> DFFPOSX1_919/D

   setup at destination = 190.898

Path input pin bundleAddress_i[60] to DFFPOSX1_932/D delay 2367.44 ps
      0.0 ps  bundleAddress_i[60]:                ->  NAND2X1_470/A
    205.5 ps               _2825_:  NAND2X1_470/Y ->   NOR2X1_124/A
    408.4 ps               _2836_:   NOR2X1_124/Y ->  NAND2X1_593/A
    796.9 ps               _3151_:  NAND2X1_593/Y ->    INVX1_201/A
    961.9 ps               _3184_:    INVX1_201/Y ->  NAND2X1_598/A
   1435.6 ps               _3186_:  NAND2X1_598/Y ->    NOR3X1_18/C
   1762.8 ps               _3334_:    NOR3X1_18/Y ->   NAND3X1_61/C
   1991.7 ps               _3372_:   NAND3X1_61/Y ->  NAND2X1_623/B
   2100.6 ps               _3373_:  NAND2X1_623/Y -> OAI21X1_1375/B
   2177.1 ps                _930_: OAI21X1_1375/Y -> DFFPOSX1_932/D

   setup at destination = 190.333

Path input pin bundleAddress_i[60] to DFFPOSX1_908/D delay 2358.66 ps
      0.0 ps  bundleAddress_i[60]:                ->  NAND2X1_470/A
    205.5 ps               _2825_:  NAND2X1_470/Y ->   NOR2X1_124/A
    408.4 ps               _2836_:   NOR2X1_124/Y ->  NAND2X1_593/A
    796.9 ps               _3151_:  NAND2X1_593/Y ->    INVX1_201/A
    961.9 ps               _3184_:    INVX1_201/Y ->  NAND2X1_598/A
   1435.6 ps               _3186_:  NAND2X1_598/Y ->   NOR2X1_197/B
   1764.4 ps               _3259_:   NOR2X1_197/Y ->    INVX2_106/A
   1923.4 ps               _3262_:    INVX2_106/Y -> OAI21X1_1306/A
   2016.5 ps               _3263_: OAI21X1_1306/Y -> OAI21X1_1307/C
   2092.0 ps               _3264_: OAI21X1_1307/Y -> OAI21X1_1309/A
   2167.7 ps                _906_: OAI21X1_1309/Y -> DFFPOSX1_908/D

   setup at destination = 190.969

Path input pin bundleAddress_i[60] to DFFPOSX1_915/D delay 2354.2 ps
      0.0 ps  bundleAddress_i[60]:                ->  NAND2X1_470/A
    205.5 ps               _2825_:  NAND2X1_470/Y ->   NOR2X1_124/A
    408.4 ps               _2836_:   NOR2X1_124/Y ->  NAND2X1_593/A
    796.9 ps               _3151_:  NAND2X1_593/Y ->    INVX1_201/A
    961.9 ps               _3184_:    INVX1_201/Y ->  NAND2X1_598/A
   1435.6 ps               _3186_:  NAND2X1_598/Y ->   NOR2X1_197/B
   1764.4 ps               _3259_:   NOR2X1_197/Y ->    INVX2_106/A
   1923.4 ps               _3262_:    INVX2_106/Y -> OAI21X1_1325/A
   2016.5 ps               _3296_: OAI21X1_1325/Y ->  NAND2X1_616/B
   2089.5 ps               _3297_:  NAND2X1_616/Y -> OAI21X1_1327/A
   2163.5 ps                _913_: OAI21X1_1327/Y -> DFFPOSX1_915/D

   setup at destination = 190.677

Path input pin bundleAddress_i[60] to DFFPOSX1_906/D delay 2352.25 ps
      0.0 ps  bundleAddress_i[60]:                ->  NAND2X1_470/A
    205.5 ps               _2825_:  NAND2X1_470/Y ->   NOR2X1_124/A
    408.4 ps               _2836_:   NOR2X1_124/Y ->  NAND2X1_593/A
    796.9 ps               _3151_:  NAND2X1_593/Y ->    INVX1_201/A
    961.9 ps               _3184_:    INVX1_201/Y ->  NAND2X1_598/A
   1435.6 ps               _3186_:  NAND2X1_598/Y ->   NOR2X1_192/B
   1698.1 ps               _3224_:   NOR2X1_192/Y ->   NAND3X1_55/C
   1908.3 ps               _3249_:   NAND3X1_55/Y -> OAI21X1_1300/A
   2008.0 ps               _3256_: OAI21X1_1300/Y -> OAI21X1_1301/C
   2085.4 ps               _3257_: OAI21X1_1301/Y -> OAI21X1_1303/A
   2161.2 ps                _904_: OAI21X1_1303/Y -> DFFPOSX1_906/D

   setup at destination = 191.029

Path input pin bundleAddress_i[60] to DFFPOSX1_922/D delay 2341.84 ps
      0.0 ps  bundleAddress_i[60]:                ->  NAND2X1_470/A
    205.5 ps               _2825_:  NAND2X1_470/Y ->   NOR2X1_124/A
    408.4 ps               _2836_:   NOR2X1_124/Y ->  NAND2X1_593/A
    796.9 ps               _3151_:  NAND2X1_593/Y ->    INVX1_201/A
    961.9 ps               _3184_:    INVX1_201/Y ->  NAND2X1_598/A
   1435.6 ps               _3186_:  NAND2X1_598/Y ->    NOR3X1_17/C
   1727.1 ps               _3292_:    NOR3X1_17/Y ->   NAND3X1_58/C
   1885.9 ps               _3322_:   NAND3X1_58/Y ->    INVX1_213/A
   1991.8 ps               _3323_:    INVX1_213/Y ->   AOI21X1_54/B
   2076.5 ps               _3328_:   AOI21X1_54/Y -> OAI21X1_1347/A
   2151.2 ps                _920_: OAI21X1_1347/Y -> DFFPOSX1_922/D

   setup at destination = 190.63

Path input pin bundleAddress_i[60] to DFFPOSX1_909/D delay 2339.17 ps
      0.0 ps  bundleAddress_i[60]:                ->  NAND2X1_470/A
    205.5 ps               _2825_:  NAND2X1_470/Y ->   NOR2X1_124/A
    408.4 ps               _2836_:   NOR2X1_124/Y ->  NAND2X1_593/A
    796.9 ps               _3151_:  NAND2X1_593/Y ->    INVX1_201/A
    961.9 ps               _3184_:    INVX1_201/Y ->  NAND2X1_598/A
   1435.6 ps               _3186_:  NAND2X1_598/Y ->   NOR2X1_197/B
   1764.4 ps               _3259_:   NOR2X1_197/Y ->  NAND2X1_608/B
   1954.5 ps               _3267_:  NAND2X1_608/Y ->   XNOR2X1_83/A
   2072.4 ps               _3268_:   XNOR2X1_83/Y -> OAI21X1_1311/A
   2148.7 ps                _907_: OAI21X1_1311/Y -> DFFPOSX1_909/D

   setup at destination = 190.515

Path input pin bundleAddress_i[60] to DFFPOSX1_921/D delay 2333.8 ps
      0.0 ps  bundleAddress_i[60]:                ->  NAND2X1_470/A
    205.5 ps               _2825_:  NAND2X1_470/Y ->   NOR2X1_124/A
    408.4 ps               _2836_:   NOR2X1_124/Y ->  NAND2X1_593/A
    796.9 ps               _3151_:  NAND2X1_593/Y ->    INVX1_201/A
    961.9 ps               _3184_:    INVX1_201/Y ->  NAND2X1_598/A
   1435.6 ps               _3186_:  NAND2X1_598/Y ->    NOR3X1_17/C
   1727.1 ps               _3292_:    NOR3X1_17/Y ->   NAND3X1_58/C
   1885.9 ps               _3322_:   NAND3X1_58/Y ->    INVX1_213/A
   1991.8 ps               _3323_:    INVX1_213/Y ->   NOR2X1_206/B
   2067.7 ps               _3324_:   NOR2X1_206/Y -> OAI21X1_1344/A
   2143.0 ps                _919_: OAI21X1_1344/Y -> DFFPOSX1_921/D

   setup at destination = 190.831

-----------------------------------------

