Qflow DRC logfile created on Sun 24 Sep 01:54:35 BST 2023
magic -dnull -noconsole  /home/hakaru/Projects/Verilog/PowerPC/QFLOW3/layout/run_drc_BundleParser.tcl

Magic 8.3 revision 105 - Compiled on Mon, 06 Dec 2021 22:32:27 +0200.
Starting magic under Tcl interpreter
Using the terminal as the console.
Using NULL graphics device.
Processing system .magicrc file
Input style lambda=0.10(p): scaleFactor=10, multiplier=1
Contact size value ignored (using GDS generation rules).
Contact size value ignored (using GDS generation rules).
Contact size value ignored (using GDS generation rules).
Contact size value ignored (using GDS generation rules).
Contact size value ignored (using GDS generation rules).
Contact size value ignored (using GDS generation rules).
Loading "/home/hakaru/Projects/Verilog/PowerPC/QFLOW3/layout/run_drc_BundleParser.tcl" from command line.
Reading LEF data from file /usr/share/qflow/tech/osu018/osu018_stdcells.lef.
This action cannot be undone.
LEF read, Line 16 (Message): Unknown keyword "OBS" in LEF file; ignoring.
LEF read, Line 17 (Message): Unknown keyword "PIN" in LEF file; ignoring.
LEF read: Processed 2941 lines.
BundleParser: 10000 rects
BundleParser: 20000 rects
BundleParser: 30000 rects
BundleParser: 40000 rects
BundleParser: 50000 rects
BundleParser: 60000 rects
BundleParser: 70000 rects
BundleParser: 80000 rects
BundleParser: 90000 rects
Processing timestamp mismatches: FILL, DFFPOSX1, OAI21X1, INVX1, INVX2, BUFX2, NAND2X1, BUFX4, XNOR2X1, CLKBUF1, INVX4, INVX8, NOR2X1, AOI21X1, NAND3X1, AND2X2, OR2X2, NOR3X1, OAI22X1, MUX2X1.
drc = 11
DRC failure:  There are 11 DRC errors in the layout.
Premature exit.
Synthesis flow stopped due to error condition.
