Qflow placement logfile created on Sun 24 Sep 01:43:07 BST 2023
Running blif2cel to generate input files for graywolf
blif2cel.tcl --blif /home/hakaru/Projects/Verilog/PowerPC/QFLOW3/synthesis/BundleParser.blif  --lef  /usr/share/qflow/tech/osu018/osu018_stdcells.lef --cel /home/hakaru/Projects/Verilog/PowerPC/QFLOW3/layout/BundleParser.cel 
Opened BLIF file (/home/hakaru/Projects/Verilog/PowerPC/QFLOW3/synthesis/BundleParser.blif) for reading ...
Opened CEL file (/home/hakaru/Projects/Verilog/PowerPC/QFLOW3/layout/BundleParser.cel) for writing...
Loaded /usr/share/qflow/tech/osu018/osu018_stdcells.lef file for reading...
1st pass of blif file /home/hakaru/Projects/Verilog/PowerPC/QFLOW3/synthesis/BundleParser.blif. . .
Reading macros and/or technology data from LEF file. . .
LEF file specifies route layer Y pitch as 1
LEF file specifies route layer X pitch as 0.8
Parsing macro AND2X2
Parsing macro AOI21X1
Parsing macro BUFX2
Parsing macro BUFX4
Parsing macro NOR3X1
Parsing macro DFFPOSX1
Parsing macro INVX1
Parsing macro INVX2
Parsing macro INVX4
Parsing macro INVX8
Parsing macro NAND2X1
Parsing macro NAND3X1
Parsing macro NOR2X1
Parsing macro OAI21X1
Parsing macro OAI22X1
Parsing macro OR2X2
Parsing macro MUX2X1
Parsing macro XNOR2X1
Parsing macro CLKBUF1
2nd pass of blif file. . .
3rd pass of blif file. . .
Done!
No BundleParser.cel1 file found for project. . . no partial blockages to apply to layout.
Running decongest to set initial density of 0.65
decongest.tcl BundleParser  /usr/share/qflow/tech/osu018/osu018_stdcells.lef FILL 0.65 --units=100
Reading FILL {} {} macros from LEF file.

decongest.tcl:
Fixed density planning, density = 0.65
Number of cells = 6190, total width = 2478240
Width of fill = 1334436
Width of decap = 0
Width of antenna  = 0

Done!
No BundleParser.cel2 file found for project. . . continuing without pin placement hints
Running GrayWolf placement
graywolf  BundleParser

twflow version:2.1 date:Mon May 25 21:15:08 EDT 1992
Authors: Bill Swartz, Carl Sechen
         Yale University

syntax version:v1.1 date:Mon May 25 21:11:10 EDT 1992
TimberWolf System Syntax Checker
Authors: Carl Sechen, Kai-Win Lee, Bill Swartz,
         Dahe Chen, and Jimmy Lam
         Yale University

Read   50 objects so far...
Read  100 objects so far...
Read  150 objects so far...
Read  200 objects so far...
Read  250 objects so far...
Read  300 objects so far...
Read  350 objects so far...
Read  400 objects so far...
Read  450 objects so far...
Read  500 objects so far...
Read  550 objects so far...
Read  600 objects so far...
Read  650 objects so far...
Read  700 objects so far...
Read  750 objects so far...
Read  800 objects so far...
Read  850 objects so far...
Read  900 objects so far...
Read  950 objects so far...
Read 1000 objects so far...
Read 1050 objects so far...
Read 1100 objects so far...
Read 1150 objects so far...
Read 1200 objects so far...
Read 1250 objects so far...
Read 1300 objects so far...
Read 1350 objects so far...
Read 1400 objects so far...
Read 1450 objects so far...
Read 1500 objects so far...
Read 1550 objects so far...
Read 1600 objects so far...
Read 1650 objects so far...
Read 1700 objects so far...
Read 1750 objects so far...
Read 1800 objects so far...
Read 1850 objects so far...
Read 1900 objects so far...
Read 1950 objects so far...
Read 2000 objects so far...
Read 2050 objects so far...
Read 2100 objects so far...
Read 2150 objects so far...
Read 2200 objects so far...
Read 2250 objects so far...
Read 2300 objects so far...
Read 2350 objects so far...
Read 2400 objects so far...
Read 2450 objects so far...
Read 2500 objects so far...
Read 2550 objects so far...
Read 2600 objects so far...
Read 2650 objects so far...
Read 2700 objects so far...
Read 2750 objects so far...
Read 2800 objects so far...
Read 2850 objects so far...
Read 2900 objects so far...
Read 2950 objects so far...
Read 3000 objects so far...
Read 3050 objects so far...
Read 3100 objects so far...
Read 3150 objects so far...
Read 3200 objects so far...
Read 3250 objects so far...
Read 3300 objects so far...
Read 3350 objects so far...
Read 3400 objects so far...
Read 3450 objects so far...
Read 3500 objects so far...
Read 3550 objects so far...
Read 3600 objects so far...
Read 3650 objects so far...
Read 3700 objects so far...
Read 3750 objects so far...
Read 3800 objects so far...
Read 3850 objects so far...
Read 3900 objects so far...
Read 3950 objects so far...
Read 4000 objects so far...
Read 4050 objects so far...
Read 4100 objects so far...
Read 4150 objects so far...
Read 4200 objects so far...
Read 4250 objects so far...
Read 4300 objects so far...
Read 4350 objects so far...
Read 4400 objects so far...
Read 4450 objects so far...
Read 4500 objects so far...
Read 4550 objects so far...
Read 4600 objects so far...
Read 4650 objects so far...
Read 4700 objects so far...
Read 4750 objects so far...
Read 4800 objects so far...
Read 4850 objects so far...
Read 4900 objects so far...
Read 4950 objects so far...
Read 5000 objects so far...
Read 5050 objects so far...
Read 5100 objects so far...
Read 5150 objects so far...
Read 5200 objects so far...
Read 5250 objects so far...
Read 5300 objects so far...
Read 5350 objects so far...
Read 5400 objects so far...
Read 5450 objects so far...
Read 5500 objects so far...
Read 5550 objects so far...
Read 5600 objects so far...
Read 5650 objects so far...
Read 5700 objects so far...
Read 5750 objects so far...
Read 5800 objects so far...
Read 5850 objects so far...
Read 5900 objects so far...
Read 5950 objects so far...
Read 6000 objects so far...
Read 6050 objects so far...
Read 6100 objects so far...
Read 6150 objects so far...
Read 6200 objects so far...
Read 6250 objects so far...
Read 6300 objects so far...
Read 6350 objects so far...
Read 6400 objects so far...
Read 6450 objects so far...
Read 6500 objects so far...
Read 6550 objects so far...
Read 6600 objects so far...
Read 6650 objects so far...
Read 6700 objects so far...
Read 6750 objects so far...
Read 6800 objects so far...
Read 6850 objects so far...
Read 6900 objects so far...
Read 6950 objects so far...
Read 7000 objects so far...
Read 7050 objects so far...
Read 7100 objects so far...
Read 7150 objects so far...
Read 7200 objects so far...
Read 7250 objects so far...
Read 7300 objects so far...
Read 7350 objects so far...
Read 7400 objects so far...
Read 7450 objects so far...
Read 7500 objects so far...
Read 7550 objects so far...
No syntax errors were found

syntax terminated normally with no errors and 0 warning[s]


nocut - replacement for Mincut version:v1.0 date:Mon May 25 21:09:40 EDT 1992
TimberWolf System Floorplan Setup Program
Authors: Carl Sechen, Bill Swartz,
         Yale University

Read   50 objects so far...
Read  100 objects so far...
Read  150 objects so far...
Read  200 objects so far...
Read  250 objects so far...
Read  300 objects so far...
Read  350 objects so far...
Read  400 objects so far...
Read  450 objects so far...
Read  500 objects so far...
Read  550 objects so far...
Read  600 objects so far...
Read  650 objects so far...
Read  700 objects so far...
Read  750 objects so far...
Read  800 objects so far...
Read  850 objects so far...
Read  900 objects so far...
Read  950 objects so far...
Read 1000 objects so far...
Read 1050 objects so far...
Read 1100 objects so far...
Read 1150 objects so far...
Read 1200 objects so far...
Read 1250 objects so far...
Read 1300 objects so far...
Read 1350 objects so far...
Read 1400 objects so far...
Read 1450 objects so far...
Read 1500 objects so far...
Read 1550 objects so far...
Read 1600 objects so far...
Read 1650 objects so far...
Read 1700 objects so far...
Read 1750 objects so far...
Read 1800 objects so far...
Read 1850 objects so far...
Read 1900 objects so far...
Read 1950 objects so far...
Read 2000 objects so far...
Read 2050 objects so far...
Read 2100 objects so far...
Read 2150 objects so far...
Read 2200 objects so far...
Read 2250 objects so far...
Read 2300 objects so far...
Read 2350 objects so far...
Read 2400 objects so far...
Read 2450 objects so far...
Read 2500 objects so far...
Read 2550 objects so far...
Read 2600 objects so far...
Read 2650 objects so far...
Read 2700 objects so far...
Read 2750 objects so far...
Read 2800 objects so far...
Read 2850 objects so far...
Read 2900 objects so far...
Read 2950 objects so far...
Read 3000 objects so far...
Read 3050 objects so far...
Read 3100 objects so far...
Read 3150 objects so far...
Read 3200 objects so far...
Read 3250 objects so far...
Read 3300 objects so far...
Read 3350 objects so far...
Read 3400 objects so far...
Read 3450 objects so far...
Read 3500 objects so far...
Read 3550 objects so far...
Read 3600 objects so far...
Read 3650 objects so far...
Read 3700 objects so far...
Read 3750 objects so far...
Read 3800 objects so far...
Read 3850 objects so far...
Read 3900 objects so far...
Read 3950 objects so far...
Read 4000 objects so far...
Read 4050 objects so far...
Read 4100 objects so far...
Read 4150 objects so far...
Read 4200 objects so far...
Read 4250 objects so far...
Read 4300 objects so far...
Read 4350 objects so far...
Read 4400 objects so far...
Read 4450 objects so far...
Read 4500 objects so far...
Read 4550 objects so far...
Read 4600 objects so far...
Read 4650 objects so far...
Read 4700 objects so far...
Read 4750 objects so far...
Read 4800 objects so far...
Read 4850 objects so far...
Read 4900 objects so far...
Read 4950 objects so far...
Read 5000 objects so far...
Read 5050 objects so far...
Read 5100 objects so far...
Read 5150 objects so far...
Read 5200 objects so far...
Read 5250 objects so far...
Read 5300 objects so far...
Read 5350 objects so far...
Read 5400 objects so far...
Read 5450 objects so far...
Read 5500 objects so far...
Read 5550 objects so far...
Read 5600 objects so far...
Read 5650 objects so far...
Read 5700 objects so far...
Read 5750 objects so far...
Read 5800 objects so far...
Read 5850 objects so far...
Read 5900 objects so far...
Read 5950 objects so far...
Read 6000 objects so far...
Read 6050 objects so far...
Read 6100 objects so far...
Read 6150 objects so far...
Read 6200 objects so far...
Read 6250 objects so far...
Read 6300 objects so far...
Read 6350 objects so far...
Read 6400 objects so far...
Read 6450 objects so far...
Read 6500 objects so far...
Read 6550 objects so far...
Read 6600 objects so far...
Read 6650 objects so far...
Read 6700 objects so far...
Read 6750 objects so far...
Read 6800 objects so far...
Read 6850 objects so far...
Read 6900 objects so far...
Read 6950 objects so far...
Read 7000 objects so f
----------------------------
Total stdcells     :6190
Total cell width   :3.81e+06
Total cell height  :6.19e+06
Total cell area    :3.81e+09
Total core area    :3.81e+09
Average cell height:1.00e+03

ar...
Read 7050 objects so far...
Read 7100 objects so far...
Read 7150 objects so far...
Read 7200 objects so far...
Read 7250 objects so far...
Read 7300 objects so far...
Read 7350 objects so far...
Read 7400 objects so far...
Read 7450 objects so far...
Read 7500 objects so far...
Read 7550 objects so far...
Splitting BundleParser.cel into BundleParser.scel and BundleParser.mcel...
	done!


nocut - replacement for Mincut terminated normally with no errors and 0 warning[s]


TimberWolfMC version:v2.2 date:Mon May 25 21:18:34 EDT 1992
Authors: Carl Sechen, Bill Swartz, Kai-Win Lee
         Dahe Chen, and Jimmy Lam
         Yale University

config version:v1.0 date:Mon May 25 20:57:18 EDT 1992
Row configuration program
    Yale University


config switches:
	Graphics mode on
	config will inherit window



config terminated normally with no errors and 0 warning[s]

WARNING[space_pins]:overflow for cell:1 pin:pin933
WARNING[space_pins]:overflow for cell:1 pin:pin934
WARNING[space_pins]:overflow for cell:1 pin:pin954
WARNING[space_pins]:overflow for cell:1 pin:pin955
WARNING[space_pins]:overflow for cell:1 pin:pin975
WARNING[space_pins]:overflow for cell:1 pin:pin988
WARNING[space_pins]:overflow for cell:1 pin:pin989
WARNING[space_pins]:overflow for cell:1 pin:pin359
WARNING[space_pins]:overflow for cell:1 pin:pin360
WARNING[space_pins]:overflow for cell:1 pin:pin361
WARNING[space_pins]:overflow for cell:1 pin:pin362
WARNING[space_pins]:overflow for cell:1 pin:pin365
WARNING[space_pins]:overflow for cell:1 pin:pin376
WARNING[space_pins]:overflow for cell:1 pin:pin383
WARNING[space_pins]:overflow for cell:1 pin:pin316
WARNING[space_pins]:overflow for cell:1 pin:pin315
WARNING[space_pins]:overflow for cell:1 pin:pin314
WARNING[space_pins]:overflow for cell:1 pin:pin313
WARNING[space_pins]:overflow for cell:1 pin:pin384
WARNING[space_pins]:overflow for cell:1 pin:pin1008
WARNING[space_pins]:overflow for cell:1 pin:pin311
WARNING[space_pins]:overflow for cell:1 pin:pin1009
WARNING[space_pins]:overflow for cell:1 pin:pin388
WARNING[space_pins]:overflow for cell:1 pin:pin387
WARNING[space_pins]:overflow for cell:1 pin:pin386
WARNING[space_pins]:overflow for cell:1 pin:pin1030
WARNING[space_pins]:overflow for cell:1 pin:pin1029
WARNING[space_pins]:overflow for cell:1 pin:pin385
WARNING[space_pins]:overflow for cell:1 pin:pin695
WARNING[space_pins]:overflow for cell:1 pin:pin910
WARNING[space_pins]:overflow for cell:1 pin:pin796
WARNING[space_pins]:overflow for cell:1 pin:pin909
WARNING[space_pins]:overflow for cell:1 pin:pin927
WARNING[space_pins]:overflow for cell:1 pin:pin800
WARNING[space_pins]:overflow for cell:1 pin:pin798
WARNING[space_pins]:overflow for cell:1 pin:pin797
WARNING[space_pins]:overflow for cell:1 pin:pin795
WARNING[space_pins]:overflow for cell:1 pin:pin793
WARNING[space_pins]:overflow for cell:1 pin:pin791
WARNING[space_pins]:overflow for cell:1 pin:pin794
WARNING[space_pins]:overflow for cell:1 pin:pin792
WARNING[space_pins]:overflow for cell:1 pin:pin539
WARNING[space_pins]:overflow for cell:1 pin:pin540
WARNING[space_pins]:overflow for cell:1 pin:pin541
WARNING[space_pins]:overflow for cell:1 pin:pin542
WARNING[space_pins]:overflow for cell:1 pin:pin543
WARNING[space_pins]:overflow for cell:1 pin:pin544
WARNING[space_pins]:overflow for cell:1 pin:pin545
WARNING[space_pins]:overflow for cell:1 pin:pin547
WARNING[space_pins]:overflow for cell:1 pin:pin548
WARNING[space_pins]:overflow for cell:1 pin:pin549
WARNING[space_pins]:overflow for cell:1 pin:pin550
WARNING[space_pins]:overflow for cell:1 pin:pin551
WARNING[space_pins]:overflow for cell:1 pin:pin552
WARNING[space_pins]:overflow for cell:1 pin:pin823
WARNING[space_pins]:overflow for cell:1 pin:pin824
WARNING[space_pins]:overflow for cell:1 pin:pin825
WARNING[space_pins]:overflow for cell:1 pin:pin826
WARNING[space_pins]:overflow for cell:1 pin:pin827
WARNING[space_pins]:overflow for cell:1 pin:pin828
WARNING[space_pins]:overflow for cell:1 pin:pin829
WARNING[space_pins]:overflow for cell:1 pin:pin830
WARNING[space_pins]:overflow for cell:1 pin:pin831
WARNING[space_pins]:overflow for cell:1 pin:pin832
WARNING[space_pins]:overflow for cell:1 pin:pin833
WARNING[space_pins]:overflow for cell:1 pin:pin834
WARNING[space_pins]:overflow for cell:1 pin:pin835
WARNING[space_pins]:overflow for cell:1 pin:pin814
WARNING[space_pins]:overflow for cell:1 pin:pin837
WARNING[space_pins]:overflow for cell:1 pin:pin838
WARNING[space_pins]:overflow for cell:1 pin:pin839
WARNING[space_pins]:overflow for cell:1 pin:pin840
WARNING[space_pins]:overflow for cell:1 pin:pin813
WARNING[space_pins]:overflow for cell:1 pin:pin842
WARNING[space_pins]:overflow for cell:1 pin:pin843
WARNING[space_pins]:overflow for cell:1 pin:pin844
WARNING[space_pins]:overflow for cell:1 pin:pin845
WARNING[space_pins]:overflow for cell:1 pin:pin846
WARNING[space_pins]:overflow for cell:1 pin:pin847
WARNING[space_pins]:overflow for cell:1 pin:pin848
WARNING[space_pins]:overflow for cell:1 pin:pin849
WARNING[space_pins]:overflow for cell:1 pin:pin822
WARNING[space_pins]:overflow for cell:1 pin:pin851
WARNING[space_pins]:overflow for cell:1 pin:pin852
WARNING[space_pins]:overflow for cell:1 pin:pin853
WARNING[space_pins]:overflow for cell:1 pin:pin854
WARNING[space_pins]:overflow for cell:1 pin:pin855
WARNING[space_pins]:overflow for cell:1 pin:pin856
WARNING[space_pins]:overflow for cell:1 pin:pin857
WARNING[space_pins]:overflow for cell:1 pin:pin858
WARNING[space_pins]:overflow for cell:1 pin:pin859
WARNING[space_pins]:overflow for cell:1 pin:pin860
WARNING[space_pins]:overflow for cell:1 pin:pin861
WARNING[space_pins]:overflow for cell:1 pin:pin862
WARNING[space_pins]:overflow for cell:1 pin:pin863
WARNING[space_pins]:overflow for cell:1 pin:pin864
WARNING[space_pins]:overflow for cell:1 pin:pin865
WARNING[space_pins]:overflow for cell:1 pin:pin866
WARNING[space_pins]:overflow for cell:1 pin:pin867
WARNING[space_pins]:overflow for cell:1 pin:pin868
WARNING[space_pins]:overflow for cell:1 pin:pin869
WARNING[space_pins]:overflow for cell:1 pin:pin870
WARNING[space_pins]:overflow for cell:1 pin:pin871
WARNING[space_pins]:overflow for cell:1 pin:pin872
WARNING[space_pins]:overflow for cell:1 pin:pin873
WARNING[space_pins]:overflow for cell:1 pin:pin874
WARNING[space_pins]:overflow for cell:1 pin:pin875
WARNING[space_pins]:overflow for cell:1 pin:pin876
WARNING[space_pins]:overflow for cell:1 pin:pin877
WARNING[space_pins]:overflow for cell:1 pin:pin850
WARNING[space_pins]:overflow for cell:1 pin:pin820
WARNING[space_pins]:overflow for cell:1 pin:pin880
WARNING[space_pins]:overflow for cell:1 pin:pin881
WARNING[space_pins]:overflow for cell:1 pin:pin882
WARNING[space_pins]:overflow for cell:1 pin:pin883
WARNING[space_pins]:overflow for cell:1 pin:pin884
WARNING[space_pins]:overflow for cell:1 pin:pin885
WARNING[space_pins]:overflow for cell:1 pin:pin886
WARNING[space_pins]:overflow for cell:1 pin:pin887
WARNING[space_pins]:overflow for cell:1 pin:pin888
WARNING[space_pins]:overflow for cell:1 pin:pin889
WARNING[space_pins]:overflow for cell:1 pin:pin890
WARNING[space_pins]:overflow for cell:1 pin:pin891
WARNING[space_pins]:overflow for cell:1 pin:pin892
WARNING[space_pins]:overflow for cell:1 pin:pin893
WARNING[space_pins]:overflow for cell:1 pin:pin894
WARNING[space_pins]:overflow for cell:1 pin:pin895
WARNING[space_pins]:overflow for cell:1 pin:pin896
WARNING[space_pins]:overflow for cell:1 pin:pin897
WARNING[space_pins]:overflow for cell:1 pin:pin898
WARNING[space_pins]:overflow for cell:1 pin:pin899
WARNING[space_pins]:overflow for cell:1 pin:pin900
WARNING[space_pins]:overflow for cell:1 pin:pin901
WARNING[space_pins]:overflow for cell:1 pin:pin902
WARNING[space_pins]:overflow for cell:1 pin:pin903
WARNING[space_pins]:overflow for cell:1 pin:pin904
WARNING[space_pins]:overflow for cell:1 pin:pin905
WARNING[space_pins]:overflow for cell:1 pin:pin906
WARNING[space_pins]:overflow for cell:1 pin:pin907
WARNING[space_pins]:overflow for cell:1 pin:pin908
WARNING[space_pins]:overflow for cell:1 pin:pin812
WARNING[space_pins]:overflow for cell:1 pin:pin811
WARNING[space_pins]:overflow for cell:1 pin:pin810
WARNING[space_pins]:overflow for cell:1 pin:pin912
WARNING[space_pins]:overflow for cell:1 pin:pin809
WARNING[space_pins]:overflow for cell:1 pin:pin914
WARNING[space_pins]:overflow for cell:1 pin:pin915
WARNING[space_pins]:overflow for cell:1 pin:pin808
WARNING[space_pins]:overflow for cell:1 pin:pin917
WARNING[space_pins]:overflow for cell:1 pin:pin918
WARNING[space_pins]:overflow for cell:1 pin:pin807
WARNING[space_pins]:overflow for cell:1 pin:pin806
WARNING[space_pins]:overflow for cell:1 pin:pin799
WARNING[space_pins]:overflow for cell:1 pin:pin788
WARNING[space_pins]:overflow for cell:1 pin:pin783
WARNING[space_pins]:overflow for cell:1 pin:pin631
WARNING[space_pins]:overflow for cell:1 pin:pin630
WARNING[space_pins]:overflow for cell:1 pin:pin629
WARNING[space_pins]:overflow for cell:1 pin:pin628
WARNING[space_pins]:overflow for cell:1 pin:pin627
WARNING[space_pins]:overflow for cell:1 pin:pin626
WARNING[space_pins]:overflow for cell:1 pin:pin625
WARNING[space_pins]:overflow for cell:1 pin:pin624
WARNING[space_pins]:overflow for cell:1 pin:pin623
WARNING[space_pins]:overflow for cell:1 pin:pin782
WARNING[space_pins]:overflow for cell:1 pin:pin781
WARNING[space_pins]:overflow for cell:1 pin:pin821
WARNING[space_pins]:overflow for cell:1 pin:pin819
WARNING[space_pins]:overflow for cell:1 pin:pin817
WARNING[space_pins]:overflow for cell:1 pin:pin818
WARNING[space_pins]:overflow for cell:1 pin:pin816
WARNING[space_pins]:overflow for cell:1 pin:pin878
WARNING[space_pins]:overflow for cell:1 pin:pin815
WARNING[space_pins]:overflow for cell:1 pin:pin879
WARNING[space_pins]:overflow for cell:1 pin:pin836
WARNING[space_pins]:overflow for cell:1 pin:pin805
WARNING[space_pins]:overflow for cell:1 pin:pin970
WARNING[space_pins]:overflow for cell:1 pin:pin969
WARNING[space_pins]:overflow for cell:1 pin:pin968
WARNING[space_pins]:overflow for cell:1 pin:pin967
WARNING[space_pins]:overflow for cell:1 pin:pin966
WARNING[space_pins]:overflow for cell:1 pin:pin965
WARNING[space_pins]:overflow for cell:1 pin:pin964
WARNING[space_pins]:overflow for cell:1 pin:pin963
WARNING[space_pins]:overflow for cell:1 pin:pin962
WARNING[space_pins]:overflow for cell:1 pin:pin841
WARNING[space_pins]:overflow for cell:1 pin:pin644
WARNING[space_pins]:overflow for cell:1 pin:pin643
WARNING[space_pins]:overflow for cell:1 pin:pin642
WARNING[space_pins]:overflow for cell:1 pin:pin641
WARNING[space_pins]:overflow for cell:1 pin:pin640
WARNING[space_pins]:overflow for cell:1 pin:pin639
WARNING[space_pins]:overflow for cell:1 pin:pin638
WARNING[space_pins]:overflow for cell:1 pin:pin637
WARNING[space_pins]:overflow for cell:1 pin:pin636
WARNING[space_pins]:overflow for cell:1 pin:pin635
WARNING[space_pins]:overflow for cell:1 pin:pin634
WARNING[space_pins]:overflow for cell:1 pin:pin633
WARNING[space_pins]:overflow for cell:1 pin:pin632
WARNING[space_pins]:overflow for cell:1 pin:pin621
WARNING[space_pins]:overflow for cell:1 pin:pin610
WARNING[space_pins]:overflow for cell:1 pin:pin599
WARNING[space_pins]:overflow for cell:1 pin:pin588
WARNING[space_pins]:overflow for cell:1 pin:pin583
WARNING[space_pins]:overflow for cell:1 pin:pin582
WARNING[space_pins]:overflow for cell:1 pin:pin581
WARNING[space_pins]:overflow for cell:1 pin:pin413
WARNING[space_pins]:overflow for cell:1 pin:pin412
WARNING[space_pins]:overflow for cell:1 pin:pin411
WARNING[space_pins]:overflow for cell:1 pin:pin410
WARNING[space_pins]:overflow for cell:1 pin:pin409
WARNING[space_pins]:overflow for cell:1 pin:pin408
WARNING[space_pins]:overflow for cell:1 pin:pin406
WARNING[space_pins]:overflow for cell:1 pin:pin405
WARNING[space_pins]:overflow for cell:1 pin:pin404
WARNING[space_pins]:overflow for cell:1 pin:pin403
WARNING[space_pins]:overflow for cell:1 pin:pin402
WARNING[space_pins]:overflow for cell:1 pin:pin401
WARNING[space_pins]:overflow for cell:1 pin:pin400
WARNING[space_pins]:overflow for cell:1 pin:pin399
WARNING[space_pins]:overflow for cell:1 pin:pin398
WARNING[space_pins]:overflow for cell:1 pin:pin397
WARNING[space_pins]:overflow for cell:1 pin:pin395
WARNING[space_pins]:overflow for cell:1 pin:pin394
WARNING[space_pins]:overflow for cell:1 pin:pin393
WARNING[space_pins]:overflow for cell:1 pin:pin392
WARNING[space_pins]:overflow for cell:1 pin:pin1210
WARNING[space_pins]:overflow for cell:1 pin:pin1209
WARNING[space_pins]:overflow for cell:1 pin:pin1208
WARNING[space_pins]:overflow for cell:1 pin:pin1207
WARNING[space_pins]:overflow for cell:1 pin:pin1206
WARNING[space_pins]:overflow for cell:1 pin:pin1205
WARNING[space_pins]:overflow for cell:1 pin:pin1204
WARNING[space_pins]:overflow for cell:1 pin:pin1203
WARNING[space_pins]:overflow for cell:1 pin:pin1202
WARNING[space_pins]:overflow for cell:1 pin:pin1201
WARNING[space_pins]:overflow for cell:1 pin:pin1200
WARNING[space_pins]:overflow for cell:1 pin:pin1199
WARNING[space_pins]:overflow for cell:1 pin:pin1198
WARNING[space_pins]:overflow for cell:1 pin:pin1197
WARNING[space_pins]:overflow for cell:1 pin:pin1196
WARNING[space_pins]:overflow for cell:1 pin:pin1195
WARNING[space_pins]:overflow for cell:1 pin:pin1194
WARNING[space_pins]:overflow for cell:1 pin:pin1193
WARNING[space_pins]:overflow for cell:1 pin:pin1221
WARNING[space_pins]:overflow for cell:1 pin:pin1275
WARNING[space_pins]:overflow for cell:1 pin:pin1277
WARNING[space_pins]:overflow for cell:1 pin:pin1392
WARNING[space_pins]:overflow for cell:1 pin:pin1393

TimberWolfMC terminated normally with no errors and 249 warning[s]



TimberWolfSC switches:
	Graphics mode on
	TimberWolfSC will inherit window

TimberWolfSC version:v6.0 date:Mon May 25 21:19:07 EDT 1992
Row-Based Placement and Global Routing Program
Authors: Carl Sechen, Kai-Win Lee, and Bill Swartz,
         Yale University
  0 
  1   2   3   4   5   6   7   8   9  10  11  12  13  14  15 
 16  17  18  19  20  21  22  23  24  25  26  27  28  29  30 
 31  32  33  34  35  36  37  38  39  40  41  42  43  44  45 
 46  47  48  49  50  51  52  53  54  55  56  57  58  59  60 
 61  62  63  64  65  66  67  68  69  70  71  72  73  74  75 
 76  77  78  79  80  81  82  83  84  85  86  87  88  89  90 
 91  92  93  94  95  96  97  98  99 100 101 102 103 104 105 
106 107 108 109 110 111 112 113 114 115 116 117 118 119 120 
121 122 123 124 125 126 127 128 129 130 131 132 133 134 135 
136 137 138 139 140 141 142 143 144 145 146 147 148 149 150 
151 152 153 154 155 156 157 158 
 block left edge is at -239
 the longest block length is 99520
 building the steiner trees
 rebuilding the steiner tree

----start doing coarse global routing ------ 
 ITERATION  1

  longest Row is:9   Its length is:97920
 doing feed-through pins assignment
 building the net-tree now !
 set up the global routing grids
 the starting value of tracks =  702
 tracks = 692 at attempts =  1000
 tracks = 685 at attempts =  2000
 tracks = 679 at attempts =  3000
 tracks = 674 at attempts =  4000
 tracks = 670 at attempts =  5000
 tracks = 667 at attempts =  6000
 tracks = 666 at attempts =  7000
 tracks = 659 at attempts =  8000
 tracks = 658 at attempts =  9000
 tracks = 658 at attempts = 10000
 tracks = 658 at attempts = 11000
 tracks = 658 at attempts = 12000
 tracks = 657 at attempts = 13000
 tracks = 656 at attempts = 14000
 tracks = 654 at attempts = 15000
 tracks = 651 at attempts = 16000
 tracks = 651 at attempts = 17000
 tracks = 651 at attempts = 18000
 tracks = 649 at attempts = 19000
 tracks = 648 at attempts = 20000
 tracks = 648 at attempts = 21000
 tracks = 648 at attempts = 22000
 tracks = 647 at attempts = 23000
 tracks = 647 at attempts = 24000
 tracks = 647 at attempts = 25000
 tracks = 647 at attempts = 26000
 tracks = 647 at attempts = 27000
 tracks = 647 at attempts = 28000
 tracks = 647 at attempts = 29000
 tracks = 647 at attempts = 30000
 tracks = 647 at attempts = 31000
 tracks = 647 at attempts = 32000
 tracks = 647 at attempts = 33000
 tracks = 647 at attempts = 34000
 tracks = 647 at attempts = 35000
 tracks = 647 at attempts = 36000
 tracks = 647 at attempts = 37000
 tracks = 647 at attempts = 38000
 tracks = 647 at attempts = 39000
 tracks = 647 at attempts = 40000
 tracks = 647 at attempts = 41000
 tracks = 647 at attempts = 42000
 tracks = 647 at attempts = 43000
 tracks = 647 at attempts = 44000
 tracks = 647 at attempts = 45000
 tracks = 647 at attempts = 46000
 tracks = 647 at attempts = 47000
 tracks = 647 at attempts = 48000
 tracks = 647 at attempts = 49000
 tracks = 647 at attempts = 50000
 tracks = 647 at attempts = 51000
 tracks = 647 at attempts = 52000
 tracks = 647 at attempts = 53000
 tracks = 647 at attempts = 54000
 tracks = 647 at attempts = 55000
 tracks = 647 at attempts = 56000
 tracks = 647 at attempts = 57000
 tracks = 647 at attempts = 58000
 tracks = 647 at attempts = 59000
 tracks = 647 at attempts = 60000
 tracks = 647 at attempts = 61000
 tracks = 647 at attempts = 62000
 tracks = 647 at attempts = 63000
 tracks = 647 at attempts = 64000
 tracks = 647 at attempts = 65000
 tracks = 647 at attempts = 66000
 tracks = 647 at attempts = 67000
 tracks = 647 at attempts = 68000
 tracks = 647 at attempts = 69000
 tracks = 647 at attempts = 70000
 tracks = 647 at attempts = 71000
 tracks = 647 at attempts = 72000
 tracks = 647 at attempts = 73000
 tracks = 647 at attempts = 74000
 tracks = 647 at attempts = 75000
 tracks = 647 at attempts = 76000
 tracks = 647 at attempts = 77000
 tracks = 647 at attempts = 78000
 tracks = 647 at attempts = 79000
 tracks = 647 at attempts = 80000
 tracks = 647 at attempts = 81000
 tracks = 647 at attempts = 82000
 tracks = 647 at attempts = 83000
 tracks = 647 at attempts = 84000
 tracks = 647 at attempts = 85000
 tracks = 647 at attempts = 86000
 tracks = 647 at attempts = 87000
 tracks = 647 at attempts = 88000
 tracks = 647 at attempts = 89000
 tracks = 647 at attempts = 90000
 tracks = 647 at attempts = 91000
 tracks = 647 at attempts = 92000
 tracks = 647 at attempts = 93000
 tracks = 647 at attempts = 94000
 tracks = 647 at attempts = 95000
 tracks = 647 at attempts = 96000
 tracks = 647 at attempts = 97000
 tracks = 647 at attempts = 98000
 tracks = 647 at attempts = 99000
 tracks = 647 at attempts = 100000
 tracks = 647 at attempts = 101000
 tracks = 647 at attempts = 102000
 tracks = 647 at attempts = 103000
 tracks = 647 at attempts = 104000
 tracks = 647 at attempts = 105000
 tracks = 647 at attempts = 106000
 tracks = 647 at attempts = 107000
 tracks = 647 at attempts = 108000
 tracks = 647 at attempts = 109000
 tracks = 647 at attempts = 110000
 tracks = 647 at attempts = 111000
 tracks = 647 at attempts = 112000
 tracks = 647 at attempts = 113000
 tracks = 647 at attempts = 114000
 tracks = 647 at attempts = 115000
 tracks = 647 at attempts = 116000
 tracks = 647 at attempts = 117000
 tracks = 647 at attempts = 118000
 tracks = 647 at attempts = 119000
 tracks = 647 at attempts = 120000
 tracks = 647 at attempts = 121000
 tracks = 647 at attempts = 122000
 tracks = 647 at attempts = 123000
 tracks = 647 at attempts = 124000
 tracks = 647 at attempts = 125000
 tracks = 647 at attempts = 126000
 tracks = 647 at attempts = 127000
 tracks = 647 at attempts = 128000
 tracks = 647 at attempts = 129000
 tracks = 647 at attempts = 130000
 tracks = 647 at attempts = 131000
 tracks = 647 at attempts = 132000
 tracks = 647 at attempts = 133000
 tracks = 647 at attempts = 134000
 tracks = 647 at attempts = 135000
 tracks = 647 at attempts = 136000
 tracks = 647 at attempts = 137000
 tracks = 647 at attempts = 138000
 tracks = 647 at attempts = 139000
 tracks = 647 at attempts = 140000
 tracks = 647 at attempts = 141000
 tracks = 647 at attempts = 142000
 tracks = 647 at attempts = 143000
 tracks = 647 at attempts = 144000
 tracks = 647 at attempts = 145000
 tracks = 647 at attempts = 146000
 tracks = 647 at attempts = 147000
 tracks = 647 at attempts = 148000
 tracks = 647 at attempts = 149000
 tracks = 647 at attempts = 150000
 tracks = 647 at attempts = 151000
 tracks = 647 at attempts = 152000
 tracks = 647 at attempts = 153000
 tracks = 647 at attempts = 154000
 tracks = 647 at attempts = 155000
 tracks = 647 at attempts = 156000
 tracks = 647 at attempts = 157000
 tracks = 647 at attempts = 158000
 tracks = 647 at attempts = 159000
 tracks = 647 at attempts = 160000
 tracks = 647 at attempts = 161000
 tracks = 647 at attempts = 162000
 tracks = 647 at attempts = 163000
 removing redundant feed-through pins
 the connectivity of all the nets is verified

 block left edge is at -239
 the longest block length is 99520
 building the steiner trees
 rebuilding the steiner tree

----start doing coarse global routing ------ 
 ITERATION  1

  longest Row is:9   Its length is:97920
 doing feed-through pins assignment
 building the net-tree now !
 set up the global routing grids
 the starting value of tracks =  634
 tracks = 622 at attempts =  1000
 tracks = 617 at attempts =  2000
 tracks = 611 at attempts =  3000
 tracks = 609 at attempts =  4000
 tracks = 607 at attempts =  5000
 tracks = 604 at attempts =  6000
 tracks = 601 at attempts =  7000
 tracks = 597 at attempts =  8000
 tracks = 596 at attempts =  9000
 tracks = 595 at attempts = 10000
 tracks = 592 at attempts = 11000
 tracks = 589 at attempts = 12000
 tracks = 587 at attempts = 13000
 tracks = 587 at attempts = 14000
 tracks = 586 at attempts = 15000
 tracks = 586 at attempts = 16000
 tracks = 585 at attempts = 17000
 tracks = 585 at attempts = 18000
 tracks = 585 at attempts = 19000
 tracks = 585 at attempts = 20000
 tracks = 585 at attempts = 21000
 tracks = 585 at attempts = 22000
 tracks = 585 at attempts = 23000
 tracks = 585 at attempts = 24000
 tracks = 585 at attempts = 25000
 tracks = 584 at attempts = 26000
 tracks = 584 at attempts = 27000
 tracks = 584 at attempts = 28000
 tracks = 584 at attempts = 29000
 tracks = 584 at attempts = 30000
 tracks = 584 at attempts = 31000
 tracks = 584 at attempts = 32000
 tracks = 584 at attempts = 33000
 tracks = 584 at attempts = 34000
 tracks = 584 at attempts = 35000
 tracks = 584 at attempts = 36000
 tracks = 582 at attempts = 37000
 tracks = 582 at attempts = 38000
 tracks = 582 at attempts = 39000
 tracks = 582 at attempts = 40000
 tracks = 582 at attempts = 41000
 tracks = 582 at attempts = 42000
 tracks = 582 at attempts = 43000
 tracks = 582 at attempts = 44000
 tracks = 582 at attempts = 45000
 tracks = 582 at attempts = 46000
 tracks = 582 at attempts = 47000
 tracks = 582 at attempts = 48000
 tracks = 582 at attempts = 49000
 tracks = 582 at attempts = 50000
 tracks = 582 at attempts = 51000
 tracks = 582 at attempts = 52000
 tracks = 582 at attempts = 53000
 tracks = 582 at attempts = 54000
 tracks = 582 at attempts = 55000
 tracks = 582 at attempts = 56000
 tracks = 582 at attempts = 57000
 tracks = 582 at attempts = 58000
 tracks = 582 at attempts = 59000
 tracks = 582 at attempts = 60000
 tracks = 582 at attempts = 61000
 tracks = 582 at attempts = 62000
 tracks = 582 at attempts = 63000
 tracks = 582 at attempts = 64000
 tracks = 582 at attempts = 65000
 tracks = 582 at attempts = 66000
 tracks = 582 at attempts = 67000
 tracks = 582 at attempts = 68000
 tracks = 582 at attempts = 69000
 tracks = 582 at attempts = 70000
 tracks = 582 at attempts = 71000
 tracks = 582 at attempts = 72000
 tracks = 582 at attempts = 73000
 tracks = 582 at attempts = 74000
 tracks = 582 at attempts = 75000
 tracks = 582 at attempts = 76000
 tracks = 582 at attempts = 77000
 tracks = 582 at attempts = 78000
 tracks = 582 at attempts = 79000
 tracks = 582 at attempts = 80000
 tracks = 582 at attempts = 81000
 tracks = 582 at attempts = 82000
 tracks = 582 at attempts = 83000
 tracks = 582 at attempts = 84000
 tracks = 582 at attempts = 85000
 tracks = 582 at attempts = 86000
 tracks = 582 at attempts = 87000
 tracks = 582 at attempts = 88000
 tracks = 582 at attempts = 89000
 tracks = 582 at attempts = 90000
 tracks = 582 at attempts = 91000
 tracks = 582 at attempts = 92000
 tracks = 582 at attempts = 93000
 tracks = 582 at attempts = 94000
 tracks = 582 at attempts = 95000
 tracks = 582 at attempts = 96000
 tracks = 582 at attempts = 97000
 tracks = 582 at attempts = 98000
 tracks = 582 at attempts = 99000
 tracks = 582 at attempts = 100000
 tracks = 582 at attempts = 101000
 tracks = 582 at attempts = 102000
 tracks = 582 at attempts = 103000
 tracks = 582 at attempts = 104000
 tracks = 582 at attempts = 105000
 tracks = 582 at attempts = 106000
 tracks = 582 at attempts = 107000
 tracks = 582 at attempts = 108000
 tracks = 582 at attempts = 109000
 tracks = 582 at attempts = 110000
 tracks = 582 at attempts = 111000
 tracks = 582 at attempts = 112000
 tracks = 582 at attempts = 113000
 tracks = 582 at attempts = 114000
 tracks = 582 at attempts = 115000
 tracks = 582 at attempts = 116000
 tracks = 582 at attempts = 117000
 tracks = 582 at attempts = 118000
 tracks = 582 at attempts = 119000
 tracks = 582 at attempts = 120000
 tracks = 582 at attempts = 121000
 tracks = 582 at attempts = 122000
 tracks = 582 at attempts = 123000
 tracks = 582 at attempts = 124000
 tracks = 582 at attempts = 125000
 tracks = 582 at attempts = 126000
 tracks = 582 at attempts = 127000
 tracks = 582 at attempts = 128000
 tracks = 582 at attempts = 129000
 tracks = 582 at attempts = 130000
 tracks = 582 at attempts = 131000
 tracks = 582 at attempts = 132000
 tracks = 582 at attempts = 133000
 tracks = 582 at attempts = 134000
 tracks = 582 at attempts = 135000
 tracks = 582 at attempts = 136000
 tracks = 582 at attempts = 137000
 tracks = 582 at attempts = 138000
 tracks = 582 at attempts = 139000
 tracks = 582 at attempts = 140000
 tracks = 582 at attempts = 141000
 tracks = 582 at attempts = 142000
 tracks = 582 at attempts = 143000
 tracks = 582 at attempts = 144000
 tracks = 582 at attempts = 145000
 tracks = 582 at attempts = 146000
 tracks = 582 at attempts = 147000
 tracks = 582 at attempts = 148000
 tracks = 582 at attempts = 149000
 tracks = 582 at attempts = 150000
 tracks = 582 at attempts = 151000
 tracks = 582 at attempts = 152000
 tracks = 582 at attempts = 153000
 tracks = 582 at attempts = 154000
 tracks = 582 at attempts = 155000
 tracks = 582 at attempts = 156000
 tracks = 582 at attempts = 157000
 tracks = 582 at attempts = 158000
 tracks = 582 at attempts = 159000
 tracks = 582 at attempts = 160000
 tracks = 582 at attempts = 161000
 tracks = 582 at attempts = 162000
 tracks = 582 at attempts = 163000
 removing redundant feed-through pins
 the connectivity of all the nets is verified

 block left edge is at -239
 the longest block length is 99520
 building the steiner trees
 rebuilding the steiner tree

----start doing coarse global routing ------ 
 ITERATION  1

  longest Row is:9   Its length is:97920
 doing feed-through pins assignment
 building the net-tree now !
 set up the global routing grids
 the starting value of tracks =  667
 tracks = 651 at attempts =  1000
 tracks = 644 at attempts =  2000
 tracks = 635 at attempts =  3000
 tracks = 625 at attempts =  4000
 tracks = 617 at attempts =  5000
 tracks = 616 at attempts =  6000
 tracks = 611 at attempts =  7000
 tracks = 608 at attempts =  8000
 tracks = 605 at attempts =  9000
 tracks = 603 at attempts = 10000
 tracks = 602 at attempts = 11000
 tracks = 602 at attempts = 12000
 tracks = 602 at attempts = 13000
 tracks = 601 at attempts = 14000
 tracks = 600 at attempts = 15000
 tracks = 598 at attempts = 16000
 tracks = 598 at attempts = 17000
 tracks = 598 at attempts = 18000
 tracks = 595 at attempts = 19000
 tracks = 593 at attempts = 20000
 tracks = 592 at attempts = 21000
 tracks = 592 at attempts = 22000
 tracks = 592 at attempts = 23000
 tracks = 592 at attempts = 24000
 tracks = 592 at attempts = 25000
 tracks = 592 at attempts = 26000
 tracks = 590 at attempts = 27000
 tracks = 590 at attempts = 28000
 tracks = 590 at attempts = 29000
 tracks = 590 at attempts = 30000
 tracks = 590 at attempts = 31000
 tracks = 590 at attempts = 32000
 tracks = 590 at attempts = 33000
 tracks = 590 at attempts = 34000
 tracks = 590 at attempts = 35000
 tracks = 590 at attempts = 36000
 tracks = 590 at attempts = 37000
 tracks = 590 at attempts = 38000
 tracks = 590 at attempts = 39000
 tracks = 590 at attempts = 40000
 tracks = 590 at attempts = 41000
 tracks = 589 at attempts = 42000
 tracks = 589 at attempts = 43000
 tracks = 589 at attempts = 44000
 tracks = 589 at attempts = 45000
 tracks = 589 at attempts = 46000
 tracks = 589 at attempts = 47000
 tracks = 589 at attempts = 48000
 tracks = 589 at attempts = 49000
 tracks = 589 at attempts = 50000
 tracks = 589 at attempts = 51000
 tracks = 589 at attempts = 52000
 tracks = 589 at attempts = 53000
 tracks = 589 at attempts = 54000
 tracks = 589 at attempts = 55000
 tracks = 589 at attempts = 56000
 tracks = 589 at attempts = 57000
 tracks = 589 at attempts = 58000
 tracks = 589 at attempts = 59000
 tracks = 589 at attempts = 60000
 tracks = 589 at attempts = 61000
 tracks = 589 at attempts = 62000
 tracks = 589 at attempts = 63000
 tracks = 589 at attempts = 64000
 tracks = 589 at attempts = 65000
 tracks = 589 at attempts = 66000
 tracks = 589 at attempts = 67000
 tracks = 589 at attempts = 68000
 tracks = 589 at attempts = 69000
 tracks = 589 at attempts = 70000
 tracks = 589 at attempts = 71000
 tracks = 589 at attempts = 72000
 tracks = 589 at attempts = 73000
 tracks = 589 at attempts = 74000
 tracks = 589 at attempts = 75000
 tracks = 589 at attempts = 76000
 tracks = 589 at attempts = 77000
 tracks = 589 at attempts = 78000
 tracks = 589 at attempts = 79000
 tracks = 589 at attempts = 80000
 tracks = 589 at attempts = 81000
 tracks = 589 at attempts = 82000
 tracks = 589 at attempts = 83000
 tracks = 589 at attempts = 84000
 tracks = 589 at attempts = 85000
 tracks = 588 at attempts = 86000
 tracks = 588 at attempts = 87000
 tracks = 588 at attempts = 88000
 tracks = 588 at attempts = 89000
 tracks = 588 at attempts = 90000
 tracks = 588 at attempts = 91000
 tracks = 588 at attempts = 92000
 tracks = 588 at attempts = 93000
 tracks = 588 at attempts = 94000
 tracks = 588 at attempts = 95000
 tracks = 588 at attempts = 96000
 tracks = 588 at attempts = 97000
 tracks = 588 at attempts = 98000
 tracks = 588 at attempts = 99000
 tracks = 588 at attempts = 100000
 tracks = 588 at attempts = 101000
 tracks = 588 at attempts = 102000
 tracks = 588 at attempts = 103000
 tracks = 588 at attempts = 104000
 tracks = 588 at attempts = 105000
 tracks = 588 at attempts = 106000
 tracks = 588 at attempts = 107000
 tracks = 588 at attempts = 108000
 tracks = 588 at attempts = 109000
 tracks = 588 at attempts = 110000
 tracks = 588 at attempts = 111000
 tracks = 588 at attempts = 112000
 tracks = 588 at attempts = 113000
 tracks = 588 at attempts = 114000
 tracks = 588 at attempts = 115000
 tracks = 588 at attempts = 116000
 tracks = 588 at attempts = 117000
 tracks = 588 at attempts = 118000
 tracks = 588 at attempts = 119000
 tracks = 588 at attempts = 120000
 tracks = 588 at attempts = 121000
 tracks = 588 at attempts = 122000
 tracks = 588 at attempts = 123000
 tracks = 588 at attempts = 124000
 tracks = 588 at attempts = 125000
 tracks = 588 at attempts = 126000
 tracks = 588 at attempts = 127000
 tracks = 588 at attempts = 128000
 tracks = 588 at attempts = 129000
 tracks = 588 at attempts = 130000
 tracks = 588 at attempts = 131000
 tracks = 588 at attempts = 132000
 tracks = 588 at attempts = 133000
 tracks = 588 at attempts = 134000
 tracks = 588 at attempts = 135000
 tracks = 588 at attempts = 136000
 tracks = 588 at attempts = 137000
 tracks = 588 at attempts = 138000
 tracks = 588 at attempts = 139000
 tracks = 588 at attempts = 140000
 tracks = 588 at attempts = 141000
 tracks = 588 at attempts = 142000
 tracks = 588 at attempts = 143000
 tracks = 588 at attempts = 144000
 tracks = 588 at attempts = 145000
 tracks = 588 at attempts = 146000
 tracks = 588 at attempts = 147000
 tracks = 588 at attempts = 148000
 tracks = 588 at attempts = 149000
 tracks = 588 at attempts = 150000
 tracks = 588 at attempts = 151000
 tracks = 588 at attempts = 152000
 tracks = 588 at attempts = 153000
 tracks = 588 at attempts = 154000
 tracks = 588 at attempts = 155000
 tracks = 588 at attempts = 156000
 tracks = 588 at attempts = 157000
 tracks = 588 at attempts = 158000
 tracks = 588 at attempts = 159000
 tracks = 588 at attempts = 160000
 tracks = 588 at attempts = 161000
 tracks = 588 at attempts = 162000
 tracks = 588 at attempts = 163000
 removing redundant feed-through pins
 the connectivity of all the nets is verified

 block left edge is at -239
 the longest block length is 99520
 building the steiner trees
 rebuilding the steiner tree

----start doing coarse global routing ------ 
 ITERATION  1

  longest Row is:9   Its length is:97920
 doing feed-through pins assignment
 building the net-tree now !
 set up the global routing grids
 the starting value of tracks =  643
 tracks = 639 at attempts =  1000
 tracks = 638 at attempts =  2000
 tracks = 635 at attempts =  3000
 tracks = 633 at attempts =  4000
 tracks = 631 at attempts =  5000
 tracks = 631 at attempts =  6000
 tracks = 631 at attempts =  7000
 tracks = 631 at attempts =  8000
 tracks = 629 at attempts =  9000
 tracks = 629 at attempts = 10000
 tracks = 628 at attempts = 11000
 tracks = 627 at attempts = 12000
 tracks = 627 at attempts = 13000
 tracks = 627 at attempts = 14000
 tracks = 627 at attempts = 15000
 tracks = 627 at attempts = 16000
 tracks = 627 at attempts = 17000
 tracks = 627 at attempts = 18000
 tracks = 627 at attempts = 19000
 tracks = 627 at attempts = 20000
 tracks = 627 at attempts = 21000
 tracks = 627 at attempts = 22000
 tracks = 627 at attempts = 23000
 tracks = 627 at attempts = 24000
 tracks = 627 at attempts = 25000
 tracks = 627 at attempts = 26000
 tracks = 627 at attempts = 27000
 tracks = 627 at attempts = 28000
 tracks = 627 at attempts = 29000
 tracks = 627 at attempts = 30000
 tracks = 627 at attempts = 31000
 tracks = 627 at attempts = 32000
 tracks = 627 at attempts = 33000
 tracks = 627 at attempts = 34000
 tracks = 627 at attempts = 35000
 tracks = 627 at attempts = 36000
 tracks = 627 at attempts = 37000
 tracks = 627 at attempts = 38000
 tracks = 627 at attempts = 39000
 tracks = 627 at attempts = 40000
 tracks = 627 at attempts = 41000
 tracks = 627 at attempts = 42000
 tracks = 627 at attempts = 43000
 tracks = 627 at attempts = 44000
 tracks = 627 at attempts = 45000
 tracks = 627 at attempts = 46000
 tracks = 627 at attempts = 47000
 tracks = 627 at attempts = 48000
 tracks = 627 at attempts = 49000
 tracks = 627 at attempts = 50000
 tracks = 627 at attempts = 51000
 tracks = 627 at attempts = 52000
 tracks = 627 at attempts = 53000
 tracks = 627 at attempts = 54000
 tracks = 627 at attempts = 55000
 tracks = 627 at attempts = 56000
 tracks = 627 at attempts = 57000
 tracks = 627 at attempts = 58000
 tracks = 627 at attempts = 59000
 tracks = 627 at attempts = 60000
 tracks = 627 at attempts = 61000
 tracks = 627 at attempts = 62000
 tracks = 627 at attempts = 63000
 tracks = 627 at attempts = 64000
 tracks = 627 at attempts = 65000
 tracks = 627 at attempts = 66000
 tracks = 627 at attempts = 67000
 tracks = 627 at attempts = 68000
 tracks = 627 at attempts = 69000
 tracks = 627 at attempts = 70000
 tracks = 627 at attempts = 71000
 tracks = 627 at attempts = 72000
 tracks = 627 at attempts = 73000
 tracks = 627 at attempts = 74000
 tracks = 627 at attempts = 75000
 tracks = 627 at attempts = 76000
 tracks = 627 at attempts = 77000
 tracks = 627 at attempts = 78000
 tracks = 627 at attempts = 79000
 tracks = 627 at attempts = 80000
 tracks = 627 at attempts = 81000
 tracks = 627 at attempts = 82000
 tracks = 627 at attempts = 83000
 tracks = 627 at attempts = 84000
 tracks = 627 at attempts = 85000
 tracks = 627 at attempts = 86000
 tracks = 627 at attempts = 87000
 tracks = 627 at attempts = 88000
 tracks = 627 at attempts = 89000
 tracks = 627 at attempts = 90000
 tracks = 627 at attempts = 91000
 tracks = 627 at attempts = 92000
 tracks = 627 at attempts = 93000
 tracks = 627 at attempts = 94000
 tracks = 627 at attempts = 95000
 tracks = 627 at attempts = 96000
 tracks = 627 at attempts = 97000
 tracks = 627 at attempts = 98000
 tracks = 627 at attempts = 99000
 tracks = 627 at attempts = 100000
 tracks = 627 at attempts = 101000
 tracks = 627 at attempts = 102000
 tracks = 627 at attempts = 103000
 tracks = 627 at attempts = 104000
 tracks = 627 at attempts = 105000
 tracks = 627 at attempts = 106000
 tracks = 627 at attempts = 107000
 tracks = 627 at attempts = 108000
 tracks = 627 at attempts = 109000
 tracks = 627 at attempts = 110000
 tracks = 627 at attempts = 111000
 tracks = 627 at attempts = 112000
 tracks = 627 at attempts = 113000
 tracks = 627 at attempts = 114000
 tracks = 627 at attempts = 115000
 tracks = 627 at attempts = 116000
 tracks = 627 at attempts = 117000
 tracks = 627 at attempts = 118000
 tracks = 627 at attempts = 119000
 tracks = 627 at attempts = 120000
 tracks = 627 at attempts = 121000
 tracks = 627 at attempts = 122000
 tracks = 627 at attempts = 123000
 tracks = 627 at attempts = 124000
 tracks = 627 at attempts = 125000
 tracks = 627 at attempts = 126000
 tracks = 627 at attempts = 127000
 tracks = 627 at attempts = 128000
 tracks = 627 at attempts = 129000
 tracks = 627 at attempts = 130000
 tracks = 627 at attempts = 131000
 tracks = 627 at attempts = 132000
 tracks = 627 at attempts = 133000
 tracks = 627 at attempts = 134000
 tracks = 627 at attempts = 135000
 tracks = 627 at attempts = 136000
 tracks = 627 at attempts = 137000
 tracks = 627 at attempts = 138000
 tracks = 627 at attempts = 139000
 tracks = 627 at attempts = 140000
 tracks = 627 at attempts = 141000
 tracks = 627 at attempts = 142000
 tracks = 627 at attempts = 143000
 tracks = 627 at attempts = 144000
 tracks = 627 at attempts = 145000
 tracks = 627 at attempts = 146000
 tracks = 627 at attempts = 147000
 tracks = 627 at attempts = 148000
 tracks = 627 at attempts = 149000
 tracks = 627 at attempts = 150000
 tracks = 627 at attempts = 151000
 tracks = 627 at attempts = 152000
 tracks = 627 at attempts = 153000
 tracks = 627 at attempts = 154000
 tracks = 627 at attempts = 155000
 tracks = 627 at attempts = 156000
 tracks = 627 at attempts = 157000
 tracks = 627 at attempts = 158000
 tracks = 627 at attempts = 159000
 tracks = 627 at attempts = 160000
 tracks = 627 at attempts = 161000
 tracks = 627 at attempts = 162000
 tracks = 627 at attempts = 163000
 removing redundant feed-through pins
 the connectivity of all the nets is verified

 block left edge is at -239
 the longest block length is 99520
 building the steiner trees
 rebuilding the steiner tree

----start doing coarse global routing ------ 
 ITERATION  1

  longest Row is:9   Its length is:97920
 doing feed-through pins assignment
 building the net-tree now !
 set up the global routing grids
 the starting value of tracks =  679
 tracks = 668 at attempts =  1000
 tracks = 658 at attempts =  2000
 tracks = 655 at attempts =  3000
 tracks = 652 at attempts =  4000
 tracks = 649 at attempts =  5000
 tracks = 645 at attempts =  6000
 tracks = 640 at attempts =  7000
 tracks = 640 at attempts =  8000
 tracks = 639 at attempts =  9000
 tracks = 636 at attempts = 10000
 tracks = 635 at attempts = 11000
 tracks = 632 at attempts = 12000
 tracks = 631 at attempts = 13000
 tracks = 631 at attempts = 14000
 tracks = 630 at attempts = 15000
 tracks = 628 at attempts = 16000
 tracks = 628 at attempts = 17000
 tracks = 627 at attempts = 18000
 tracks = 627 at attempts = 19000
 tracks = 627 at attempts = 20000
 tracks = 627 at attempts = 21000
 tracks = 626 at attempts = 22000
 tracks = 625 at attempts = 23000
 tracks = 625 at attempts = 24000
 tracks = 625 at attempts = 25000
 tracks = 625 at attempts = 26000
 tracks = 625 at attempts = 27000
 tracks = 625 at attempts = 28000
 tracks = 624 at attempts = 29000
 tracks = 624 at attempts = 30000
 tracks = 624 at attempts = 31000
 tracks = 624 at attempts = 32000
 tracks = 624 at attempts = 33000
 tracks = 623 at attempts = 34000
 tracks = 623 at attempts = 35000
 tracks = 623 at attempts = 36000
 tracks = 623 at attempts = 37000
 tracks = 623 at attempts = 38000
 tracks = 623 at attempts = 39000
 tracks = 623 at attempts = 40000
 tracks = 623 at attempts = 41000
 tracks = 623 at attempts = 42000
 tracks = 622 at attempts = 43000
 tracks = 622 at attempts = 44000
 tracks = 622 at attempts = 45000
 tracks = 622 at attempts = 46000
 tracks = 622 at attempts = 47000
 tracks = 622 at attempts = 48000
 tracks = 622 at attempts = 49000
 tracks = 622 at attempts = 50000
 tracks = 622 at attempts = 51000
 tracks = 622 at attempts = 52000
 tracks = 622 at attempts = 53000
 tracks = 622 at attempts = 54000
 tracks = 622 at attempts = 55000
 tracks = 622 at attempts = 56000
 tracks = 622 at attempts = 57000
 tracks = 622 at attempts = 58000
 tracks = 622 at attempts = 59000
 tracks = 622 at attempts = 60000
 tracks = 622 at attempts = 61000
 tracks = 622 at attempts = 62000
 tracks = 622 at attempts = 63000
 tracks = 622 at attempts = 64000
 tracks = 622 at attempts = 65000
 tracks = 622 at attempts = 66000
 tracks = 622 at attempts = 67000
 tracks = 622 at attempts = 68000
 tracks = 622 at attempts = 69000
 tracks = 622 at attempts = 70000
 tracks = 622 at attempts = 71000
 tracks = 622 at attempts = 72000
 tracks = 622 at attempts = 73000
 tracks = 622 at attempts = 74000
 tracks = 622 at attempts = 75000
 tracks = 622 at attempts = 76000
 tracks = 622 at attempts = 77000
 tracks = 622 at attempts = 78000
 tracks = 622 at attempts = 79000
 tracks = 622 at attempts = 80000
 tracks = 622 at attempts = 81000
 tracks = 622 at attempts = 82000
 tracks = 622 at attempts = 83000
 tracks = 622 at attempts = 84000
 tracks = 622 at attempts = 85000
 tracks = 622 at attempts = 86000
 tracks = 622 at attempts = 87000
 tracks = 622 at attempts = 88000
 tracks = 622 at attempts = 89000
 tracks = 622 at attempts = 90000
 tracks = 622 at attempts = 91000
 tracks = 622 at attempts = 92000
 tracks = 622 at attempts = 93000
 tracks = 622 at attempts = 94000
 tracks = 622 at attempts = 95000
 tracks = 622 at attempts = 96000
 tracks = 622 at attempts = 97000
 tracks = 622 at attempts = 98000
 tracks = 622 at attempts = 99000
 tracks = 622 at attempts = 100000
 tracks = 622 at attempts = 101000
 tracks = 622 at attempts = 102000
 tracks = 622 at attempts = 103000
 tracks = 622 at attempts = 104000
 tracks = 622 at attempts = 105000
 tracks = 622 at attempts = 106000
 tracks = 622 at attempts = 107000
 tracks = 622 at attempts = 108000
 tracks = 622 at attempts = 109000
 tracks = 622 at attempts = 110000
 tracks = 622 at attempts = 111000
 tracks = 622 at attempts = 112000
 tracks = 622 at attempts = 113000
 tracks = 622 at attempts = 114000
 tracks = 622 at attempts = 115000
 tracks = 622 at attempts = 116000
 tracks = 622 at attempts = 117000
 tracks = 622 at attempts = 118000
 tracks = 622 at attempts = 119000
 tracks = 622 at attempts = 120000
 tracks = 622 at attempts = 121000
 tracks = 622 at attempts = 122000
 tracks = 622 at attempts = 123000
 tracks = 622 at attempts = 124000
 tracks = 622 at attempts = 125000
 tracks = 622 at attempts = 126000
 tracks = 622 at attempts = 127000
 tracks = 622 at attempts = 128000
 tracks = 622 at attempts = 129000
 tracks = 622 at attempts = 130000
 tracks = 622 at attempts = 131000
 tracks = 622 at attempts = 132000
 tracks = 622 at attempts = 133000
 tracks = 622 at attempts = 134000
 tracks = 622 at attempts = 135000
 tracks = 622 at attempts = 136000
 tracks = 622 at attempts = 137000
 tracks = 622 at attempts = 138000
 tracks = 622 at attempts = 139000
 tracks = 622 at attempts = 140000
 tracks = 622 at attempts = 141000
 tracks = 622 at attempts = 142000
 tracks = 622 at attempts = 143000
 tracks = 622 at attempts = 144000
 tracks = 622 at attempts = 145000
 tracks = 622 at attempts = 146000
 tracks = 622 at attempts = 147000
 tracks = 622 at attempts = 148000
 tracks = 622 at attempts = 149000
 tracks = 622 at attempts = 150000
 tracks = 622 at attempts = 151000
 tracks = 622 at attempts = 152000
 tracks = 622 at attempts = 153000
 tracks = 622 at attempts = 154000
 tracks = 622 at attempts = 155000
 tracks = 622 at attempts = 156000
 tracks = 622 at attempts = 157000
 tracks = 622 at attempts = 158000
 tracks = 622 at attempts = 159000
 tracks = 622 at attempts = 160000
 tracks = 622 at attempts = 161000
 tracks = 622 at attempts = 162000
 tracks = 622 at attempts = 163000
 removing redundant feed-through pins
 the connectivity of all the nets is verified

 block left edge is at -239
 the longest block length is 99520
 building the steiner trees
 rebuilding the steiner tree

----start doing coarse global routing ------ 
 ITERATION  1

  longest Row is:9   Its length is:97920
 doing feed-through pins assignment
 building the net-tree now !
 set up the global routing grids
 the starting value of tracks =  656
 tracks = 644 at attempts =  1000
 tracks = 635 at attempts =  2000
 tracks = 629 at attempts =  3000
 tracks = 624 at attempts =  4000
 tracks = 623 at attempts =  5000
 tracks = 620 at attempts =  6000
 tracks = 617 at attempts =  7000
 tracks = 615 at attempts =  8000
 tracks = 613 at attempts =  9000
 tracks = 611 at attempts = 10000
 tracks = 609 at attempts = 11000
 tracks = 608 at attempts = 12000
 tracks = 608 at attempts = 13000
 tracks = 606 at attempts = 14000
 tracks = 606 at attempts = 15000
 tracks = 605 at attempts = 16000
 tracks = 602 at attempts = 17000
 tracks = 602 at attempts = 18000
 tracks = 602 at attempts = 19000
 tracks = 602 at attempts = 20000
 tracks = 602 at attempts = 21000
 tracks = 601 at attempts = 22000
 tracks = 601 at attempts = 23000
 tracks = 601 at attempts = 24000
 tracks = 600 at attempts = 25000
 tracks = 600 at attempts = 26000
 tracks = 600 at attempts = 27000
 tracks = 600 at attempts = 28000
 tracks = 600 at attempts = 29000
 tracks = 600 at attempts = 30000
 tracks = 600 at attempts = 31000
 tracks = 600 at attempts = 32000
 tracks = 600 at attempts = 33000
 tracks = 600 at attempts = 34000
 tracks = 600 at attempts = 35000
 tracks = 600 at attempts = 36000
 tracks = 600 at attempts = 37000
 tracks = 600 at attempts = 38000
 tracks = 600 at attempts = 39000
 tracks = 600 at attempts = 40000
 tracks = 600 at attempts = 41000
 tracks = 600 at attempts = 42000
 tracks = 600 at attempts = 43000
 tracks = 600 at attempts = 44000
 tracks = 600 at attempts = 45000
 tracks = 600 at attempts = 46000
 tracks = 600 at attempts = 47000
 tracks = 600 at attempts = 48000
 tracks = 600 at attempts = 49000
 tracks = 600 at attempts = 50000
 tracks = 600 at attempts = 51000
 tracks = 600 at attempts = 52000
 tracks = 600 at attempts = 53000
 tracks = 600 at attempts = 54000
 tracks = 600 at attempts = 55000
 tracks = 600 at attempts = 56000
 tracks = 600 at attempts = 57000
 tracks = 600 at attempts = 58000
 tracks = 600 at attempts = 59000
 tracks = 600 at attempts = 60000
 tracks = 600 at attempts = 61000
 tracks = 600 at attempts = 62000
 tracks = 600 at attempts = 63000
 tracks = 600 at attempts = 64000
 tracks = 600 at attempts = 65000
 tracks = 600 at attempts = 66000
 tracks = 600 at attempts = 67000
 tracks = 600 at attempts = 68000
 tracks = 600 at attempts = 69000
 tracks = 600 at attempts = 70000
 tracks = 600 at attempts = 71000
 tracks = 600 at attempts = 72000
 tracks = 600 at attempts = 73000
 tracks = 600 at attempts = 74000
 tracks = 600 at attempts = 75000
 tracks = 600 at attempts = 76000
 tracks = 600 at attempts = 77000
 tracks = 600 at attempts = 78000
 tracks = 600 at attempts = 79000
 tracks = 600 at attempts = 80000
 tracks = 600 at attempts = 81000
 tracks = 600 at attempts = 82000
 tracks = 600 at attempts = 83000
 tracks = 600 at attempts = 84000
 tracks = 600 at attempts = 85000
 tracks = 600 at attempts = 86000
 tracks = 600 at attempts = 87000
 tracks = 600 at attempts = 88000
 tracks = 600 at attempts = 89000
 tracks = 600 at attempts = 90000
 tracks = 600 at attempts = 91000
 tracks = 600 at attempts = 92000
 tracks = 600 at attempts = 93000
 tracks = 600 at attempts = 94000
 tracks = 600 at attempts = 95000
 tracks = 600 at attempts = 96000
 tracks = 600 at attempts = 97000
 tracks = 600 at attempts = 98000
 tracks = 600 at attempts = 99000
 tracks = 600 at attempts = 100000
 tracks = 600 at attempts = 101000
 tracks = 600 at attempts = 102000
 tracks = 600 at attempts = 103000
 tracks = 600 at attempts = 104000
 tracks = 600 at attempts = 105000
 tracks = 600 at attempts = 106000
 tracks = 600 at attempts = 107000
 tracks = 600 at attempts = 108000
 tracks = 600 at attempts = 109000
 tracks = 600 at attempts = 110000
 tracks = 600 at attempts = 111000
 tracks = 600 at attempts = 112000
 tracks = 600 at attempts = 113000
 tracks = 600 at attempts = 114000
 tracks = 600 at attempts = 115000
 tracks = 600 at attempts = 116000
 tracks = 600 at attempts = 117000
 tracks = 600 at attempts = 118000
 tracks = 600 at attempts = 119000
 tracks = 600 at attempts = 120000
 tracks = 600 at attempts = 121000
 tracks = 600 at attempts = 122000
 tracks = 600 at attempts = 123000
 tracks = 600 at attempts = 124000
 tracks = 600 at attempts = 125000
 tracks = 600 at attempts = 126000
 tracks = 600 at attempts = 127000
 tracks = 600 at attempts = 128000
 tracks = 600 at attempts = 129000
 tracks = 600 at attempts = 130000
 tracks = 600 at attempts = 131000
 tracks = 600 at attempts = 132000
 tracks = 600 at attempts = 133000
 tracks = 600 at attempts = 134000
 tracks = 600 at attempts = 135000
 tracks = 600 at attempts = 136000
 tracks = 600 at attempts = 137000
 tracks = 600 at attempts = 138000
 tracks = 600 at attempts = 139000
 tracks = 600 at attempts = 140000
 tracks = 600 at attempts = 141000
 tracks = 600 at attempts = 142000
 tracks = 600 at attempts = 143000
 tracks = 600 at attempts = 144000
 tracks = 600 at attempts = 145000
 tracks = 600 at attempts = 146000
 tracks = 600 at attempts = 147000
 tracks = 600 at attempts = 148000
 tracks = 600 at attempts = 149000
 tracks = 600 at attempts = 150000
 tracks = 600 at attempts = 151000
 tracks = 600 at attempts = 152000
 tracks = 600 at attempts = 153000
 tracks = 600 at attempts = 154000
 tracks = 600 at attempts = 155000
 tracks = 600 at attempts = 156000
 tracks = 600 at attempts = 157000
 tracks = 600 at attempts = 158000
 tracks = 600 at attempts = 159000
 tracks = 600 at attempts = 160000
 tracks = 600 at attempts = 161000
 tracks = 600 at attempts = 162000
 tracks = 600 at attempts = 163000
 removing redundant feed-through pins
 the connectivity of all the nets is verified

 block left edge is at -239
 the longest block length is 99520
 building the steiner trees
 rebuilding the steiner tree

----start doing coarse global routing ------ 
 ITERATION  1

  longest Row is:9   Its length is:97920
 doing feed-through pins assignment
 building the net-tree now !
 set up the global routing grids
 the starting value of tracks =  664
 tracks = 648 at attempts =  1000
 tracks = 645 at attempts =  2000
 tracks = 640 at attempts =  3000
 tracks = 633 at attempts =  4000
 tracks = 629 at attempts =  5000
 tracks = 622 at attempts =  6000
 tracks = 615 at attempts =  7000
 tracks = 615 at attempts =  8000
 tracks = 614 at attempts =  9000
 tracks = 612 at attempts = 10000
 tracks = 611 at attempts = 11000
 tracks = 611 at attempts = 12000
 tracks = 610 at attempts = 13000
 tracks = 609 at attempts = 14000
 tracks = 607 at attempts = 15000
 tracks = 607 at attempts = 16000
 tracks = 606 at attempts = 17000
 tracks = 605 at attempts = 18000
 tracks = 605 at attempts = 19000
 tracks = 605 at attempts = 20000
 tracks = 605 at attempts = 21000
 tracks = 605 at attempts = 22000
 tracks = 605 at attempts = 23000
 tracks = 605 at attempts = 24000
 tracks = 605 at attempts = 25000
 tracks = 605 at attempts = 26000
 tracks = 605 at attempts = 27000
 tracks = 605 at attempts = 28000
 tracks = 605 at attempts = 29000
 tracks = 605 at attempts = 30000
 tracks = 605 at attempts = 31000
 tracks = 605 at attempts = 32000
 tracks = 605 at attempts = 33000
 tracks = 605 at attempts = 34000
 tracks = 605 at attempts = 35000
 tracks = 605 at attempts = 36000
 tracks = 605 at attempts = 37000
 tracks = 605 at attempts = 38000
 tracks = 605 at attempts = 39000
 tracks = 605 at attempts = 40000
 tracks = 605 at attempts = 41000
 tracks = 605 at attempts = 42000
 tracks = 605 at attempts = 43000
 tracks = 605 at attempts = 44000
 tracks = 604 at attempts = 45000
 tracks = 604 at attempts = 46000
 tracks = 604 at attempts = 47000
 tracks = 604 at attempts = 48000
 tracks = 604 at attempts = 49000
 tracks = 604 at attempts = 50000
 tracks = 603 at attempts = 51000
 tracks = 603 at attempts = 52000
 tracks = 603 at attempts = 53000
 tracks = 603 at attempts = 54000
 tracks = 603 at attempts = 55000
 tracks = 603 at attempts = 56000
 tracks = 603 at attempts = 57000
 tracks = 603 at attempts = 58000
 tracks = 603 at attempts = 59000
 tracks = 603 at attempts = 60000
 tracks = 603 at attempts = 61000
 tracks = 603 at attempts = 62000
 tracks = 603 at attempts = 63000
 tracks = 603 at attempts = 64000
 tracks = 603 at attempts = 65000
 tracks = 603 at attempts = 66000
 tracks = 603 at attempts = 67000
 tracks = 603 at attempts = 68000
 tracks = 603 at attempts = 69000
 tracks = 603 at attempts = 70000
 tracks = 603 at attempts = 71000
 tracks = 603 at attempts = 72000
 tracks = 603 at attempts = 73000
 tracks = 603 at attempts = 74000
 tracks = 603 at attempts = 75000
 tracks = 603 at attempts = 76000
 tracks = 603 at attempts = 77000
 tracks = 603 at attempts = 78000
 tracks = 603 at attempts = 79000
 tracks = 603 at attempts = 80000
 tracks = 603 at attempts = 81000
 tracks = 603 at attempts = 82000
 tracks = 603 at attempts = 83000
 tracks = 603 at attempts = 84000
 tracks = 603 at attempts = 85000
 tracks = 603 at attempts = 86000
 tracks = 603 at attempts = 87000
 tracks = 603 at attempts = 88000
 tracks = 603 at attempts = 89000
 tracks = 603 at attempts = 90000
 tracks = 603 at attempts = 91000
 tracks = 603 at attempts = 92000
 tracks = 603 at attempts = 93000
 tracks = 603 at attempts = 94000
 tracks = 603 at attempts = 95000
 tracks = 603 at attempts = 96000
 tracks = 603 at attempts = 97000
 tracks = 603 at attempts = 98000
 tracks = 603 at attempts = 99000
 tracks = 603 at attempts = 100000
 tracks = 603 at attempts = 101000
 tracks = 603 at attempts = 102000
 tracks = 603 at attempts = 103000
 tracks = 603 at attempts = 104000
 tracks = 603 at attempts = 105000
 tracks = 603 at attempts = 106000
 tracks = 603 at attempts = 107000
 tracks = 603 at attempts = 108000
 tracks = 603 at attempts = 109000
 tracks = 603 at attempts = 110000
 tracks = 603 at attempts = 111000
 tracks = 603 at attempts = 112000
 tracks = 603 at attempts = 113000
 tracks = 603 at attempts = 114000
 tracks = 603 at attempts = 115000
 tracks = 603 at attempts = 116000
 tracks = 603 at attempts = 117000
 tracks = 603 at attempts = 118000
 tracks = 603 at attempts = 119000
 tracks = 603 at attempts = 120000
 tracks = 603 at attempts = 121000
 tracks = 603 at attempts = 122000
 tracks = 603 at attempts = 123000
 tracks = 603 at attempts = 124000
 tracks = 603 at attempts = 125000
 tracks = 603 at attempts = 126000
 tracks = 603 at attempts = 127000
 tracks = 603 at attempts = 128000
 tracks = 603 at attempts = 129000
 tracks = 603 at attempts = 130000
 tracks = 603 at attempts = 131000
 tracks = 603 at attempts = 132000
 tracks = 603 at attempts = 133000
 tracks = 603 at attempts = 134000
 tracks = 603 at attempts = 135000
 tracks = 603 at attempts = 136000
 tracks = 603 at attempts = 137000
 tracks = 603 at attempts = 138000
 tracks = 603 at attempts = 139000
 tracks = 603 at attempts = 140000
 tracks = 603 at attempts = 141000
 tracks = 603 at attempts = 142000
 tracks = 603 at attempts = 143000
 tracks = 603 at attempts = 144000
 tracks = 603 at attempts = 145000
 tracks = 603 at attempts = 146000
 tracks = 603 at attempts = 147000
 tracks = 603 at attempts = 148000
 tracks = 603 at attempts = 149000
 tracks = 603 at attempts = 150000
 tracks = 603 at attempts = 151000
 tracks = 603 at attempts = 152000
 tracks = 603 at attempts = 153000
 tracks = 603 at attempts = 154000
 tracks = 603 at attempts = 155000
 tracks = 603 at attempts = 156000
 tracks = 603 at attempts = 157000
 tracks = 603 at attempts = 158000
 tracks = 603 at attempts = 159000
 tracks = 603 at attempts = 160000
 tracks = 603 at attempts = 161000
 tracks = 603 at attempts = 162000
 tracks = 603 at attempts = 163000
 removing redundant feed-through pins
 the connectivity of all the nets is verified

 block left edge is at -239
 the longest block length is 99520
 building the steiner trees
 rebuilding the steiner tree

----start doing coarse global routing ------ 
 ITERATION  1

  longest Row is:9   Its length is:97920
 doing feed-through pins assignment
 building the net-tree now !
 set up the global routing grids
 the starting value of tracks =  646
 tracks = 643 at attempts =  1000
 tracks = 642 at attempts =  2000
 tracks = 640 at attempts =  3000
 tracks = 639 at attempts =  4000
 tracks = 638 at attempts =  5000
 tracks = 637 at attempts =  6000
 tracks = 635 at attempts =  7000
 tracks = 632 at attempts =  8000
 tracks = 631 at attempts =  9000
 tracks = 631 at attempts = 10000
 tracks = 631 at attempts = 11000
 tracks = 631 at attempts = 12000
 tracks = 631 at attempts = 13000
 tracks = 631 at attempts = 14000
 tracks = 631 at attempts = 15000
 tracks = 631 at attempts = 16000
 tracks = 631 at attempts = 17000
 tracks = 631 at attempts = 18000
 tracks = 631 at attempts = 19000
 tracks = 631 at attempts = 20000
 tracks = 631 at attempts = 21000
 tracks = 631 at attempts = 22000
 tracks = 631 at attempts = 23000
 tracks = 631 at attempts = 24000
 tracks = 631 at attempts = 25000
 tracks = 631 at attempts = 26000
 tracks = 631 at attempts = 27000
 tracks = 631 at attempts = 28000
 tracks = 631 at attempts = 29000
 tracks = 631 at attempts = 30000
 tracks = 631 at attempts = 31000
 tracks = 631 at attempts = 32000
 tracks = 631 at attempts = 33000
 tracks = 631 at attempts = 34000
 tracks = 631 at attempts = 35000
 tracks = 631 at attempts = 36000
 tracks = 631 at attempts = 37000
 tracks = 631 at attempts = 38000
 tracks = 631 at attempts = 39000
 tracks = 631 at attempts = 40000
 tracks = 631 at attempts = 41000
 tracks = 631 at attempts = 42000
 tracks = 631 at attempts = 43000
 tracks = 631 at attempts = 44000
 tracks = 631 at attempts = 45000
 tracks = 631 at attempts = 46000
 tracks = 631 at attempts = 47000
 tracks = 631 at attempts = 48000
 tracks = 631 at attempts = 49000
 tracks = 631 at attempts = 50000
 tracks = 631 at attempts = 51000
 tracks = 631 at attempts = 52000
 tracks = 631 at attempts = 53000
 tracks = 631 at attempts = 54000
 tracks = 631 at attempts = 55000
 tracks = 631 at attempts = 56000
 tracks = 631 at attempts = 57000
 tracks = 631 at attempts = 58000
 tracks = 631 at attempts = 59000
 tracks = 631 at attempts = 60000
 tracks = 631 at attempts = 61000
 tracks = 631 at attempts = 62000
 tracks = 631 at attempts = 63000
 tracks = 631 at attempts = 64000
 tracks = 631 at attempts = 65000
 tracks = 631 at attempts = 66000
 tracks = 631 at attempts = 67000
 tracks = 631 at attempts = 68000
 tracks = 631 at attempts = 69000
 tracks = 631 at attempts = 70000
 tracks = 631 at attempts = 71000
 tracks = 631 at attempts = 72000
 tracks = 631 at attempts = 73000
 tracks = 631 at attempts = 74000
 tracks = 631 at attempts = 75000
 tracks = 631 at attempts = 76000
 tracks = 631 at attempts = 77000
 tracks = 631 at attempts = 78000
 tracks = 631 at attempts = 79000
 tracks = 631 at attempts = 80000
 tracks = 631 at attempts = 81000
 tracks = 631 at attempts = 82000
 tracks = 631 at attempts = 83000
 tracks = 631 at attempts = 84000
 tracks = 631 at attempts = 85000
 tracks = 631 at attempts = 86000
 tracks = 631 at attempts = 87000
 tracks = 631 at attempts = 88000
 tracks = 631 at attempts = 89000
 tracks = 631 at attempts = 90000
 tracks = 631 at attempts = 91000
 tracks = 631 at attempts = 92000
 tracks = 631 at attempts = 93000
 tracks = 631 at attempts = 94000
 tracks = 631 at attempts = 95000
 tracks = 631 at attempts = 96000
 tracks = 631 at attempts = 97000
 tracks = 631 at attempts = 98000
 tracks = 631 at attempts = 99000
 tracks = 631 at attempts = 100000
 tracks = 631 at attempts = 101000
 tracks = 631 at attempts = 102000
 tracks = 631 at attempts = 103000
 tracks = 631 at attempts = 104000
 tracks = 631 at attempts = 105000
 tracks = 631 at attempts = 106000
 tracks = 631 at attempts = 107000
 tracks = 631 at attempts = 108000
 tracks = 631 at attempts = 109000
 tracks = 631 at attempts = 110000
 tracks = 631 at attempts = 111000
 tracks = 631 at attempts = 112000
 tracks = 631 at attempts = 113000
 tracks = 631 at attempts = 114000
 tracks = 631 at attempts = 115000
 tracks = 631 at attempts = 116000
 tracks = 631 at attempts = 117000
 tracks = 631 at attempts = 118000
 tracks = 631 at attempts = 119000
 tracks = 631 at attempts = 120000
 tracks = 631 at attempts = 121000
 tracks = 631 at attempts = 122000
 tracks = 631 at attempts = 123000
 tracks = 631 at attempts = 124000
 tracks = 631 at attempts = 125000
 tracks = 631 at attempts = 126000
 tracks = 631 at attempts = 127000
 tracks = 631 at attempts = 128000
 tracks = 631 at attempts = 129000
 tracks = 631 at attempts = 130000
 tracks = 631 at attempts = 131000
 tracks = 631 at attempts = 132000
 tracks = 631 at attempts = 133000
 tracks = 631 at attempts = 134000
 tracks = 631 at attempts = 135000
 tracks = 631 at attempts = 136000
 tracks = 631 at attempts = 137000
 tracks = 631 at attempts = 138000
 tracks = 631 at attempts = 139000
 tracks = 631 at attempts = 140000
 tracks = 631 at attempts = 141000
 tracks = 631 at attempts = 142000
 tracks = 631 at attempts = 143000
 tracks = 631 at attempts = 144000
 tracks = 631 at attempts = 145000
 tracks = 631 at attempts = 146000
 tracks = 631 at attempts = 147000
 tracks = 631 at attempts = 148000
 tracks = 631 at attempts = 149000
 tracks = 631 at attempts = 150000
 tracks = 631 at attempts = 151000
 tracks = 631 at attempts = 152000
 tracks = 631 at attempts = 153000
 tracks = 631 at attempts = 154000
 tracks = 631 at attempts = 155000
 tracks = 631 at attempts = 156000
 tracks = 631 at attempts = 157000
 tracks = 631 at attempts = 158000
 tracks = 631 at attempts = 159000
 tracks = 631 at attempts = 160000
 tracks = 631 at attempts = 161000
 tracks = 631 at attempts = 162000
 tracks = 631 at attempts = 163000
 removing redundant feed-through pins
 the connectivity of all the nets is verified


***********************************************
*ACTUAL* FINAL NUMBER OF ROUTING TRACKS: 582
***********************************************


TimberWolfSC terminated normally with no errors and 0 warning[s]


twflow terminated normally with no errors and 0 warning[s]

Running getfillcell to determine cell to use for fill.
getfillcell.tcl BundleParser  /usr/share/qflow/tech/osu018/osu018_stdcells.lef FILL
Using cell FILL for fill
Running place2def to translate graywolf output to DEF format.
place2def.tcl BundleParser FILL 
Running place2def.tcl
DEF database: 100 units per micron
Limits: xbot = -1175.0 ybot = -1165.0 xtop = 98615.0 ytop = 39765.0
Core values: 40.0 50.0 97960.0 39050.0
Offsets: 40.0 50.0
6 routing layers
metal1: 411 vertical tracks from -10um with 1um pitch
metal2: 1249 vertical tracks from -8.8um with 0.8um pitch
metal3: 411 vertical tracks from -10um with 1um pitch
metal4: 1249 vertical tracks from -8.8um with 0.8um pitch
metal5: 411 vertical tracks from -10um with 1um pitch
metal6: 625 vertical tracks from -8.0um with 1.6um pitch
Summary: Total components = 22871
  Fill cells  = 16681
  Other cells = 6190
Done with place2def.tcl
Running addspacers to generate power stripes and align cell right edge
addspacers.tcl  -stripe 2.0 50.0 PG BundleParser  /usr/share/qflow/tech/osu018/osu018_stdcells.lef FILL
Reading FILL macros from LEF file.
Reading DEF file BundleParser.def. . .
Number of rows is 39
Longest row has width 979.6 um
addspacers:  Inserting 19 stripes of width 1.6 um (2.0 um requested)
  Pitch 49.6 um, offset 43.2 um
stretch:  Number of components is 24430
Analysis of DEF file:
Number of components = 22871
New number of components = 24430
Number of rows = 39
Adjusting obstructions for power striping
Done with addspacers.tcl
Running arrangepins to adjust pin positions for optimal routing.
arrangepins.tcl  BundleParser
Reading info file BundleParser.info. . .
Reading DEF file BundleParser.def. . .
Warning: pin enable2_i has no bounding box.
Warning: pin enable1_i has no bounding box.
Warning: pin enable3_i has no bounding box.
Warning: pin enable4_i has no bounding box.
Recalculating pin positions
Writing DEF file BundleParser_mod.def. . .
Done with arrangepins.tcl
blifanno.tcl /home/hakaru/Projects/Verilog/PowerPC/QFLOW3/synthesis/BundleParser.blif BundleParser.def /home/hakaru/Projects/Verilog/PowerPC/QFLOW3/synthesis/BundleParser_anno.blif
Running blifanno.tcl
Reading DEF file BundleParser.def. . .
Done with blifanno.tcl

Generating RTL verilog and SPICE netlist file in directory
   /home/hakaru/Projects/Verilog/PowerPC/QFLOW3/synthesis
Files:
   Verilog: /home/hakaru/Projects/Verilog/PowerPC/QFLOW3/synthesis/BundleParser.rtl.v
   Verilog: /home/hakaru/Projects/Verilog/PowerPC/QFLOW3/synthesis/BundleParser.rtlnopwr.v
   Verilog: /home/hakaru/Projects/Verilog/PowerPC/QFLOW3/synthesis/BundleParser.rtlbb.v
   Spice:   /home/hakaru/Projects/Verilog/PowerPC/QFLOW3/synthesis/BundleParser.spc

Running blif2Verilog.
Running blif2BSpice.
Placement script ended on Sun 24 Sep 01:48:10 BST 2023
