#! /usr/bin/vvp
:ivl_version "11.0 (stable)";
:ivl_delay_selection "TYPICAL";
:vpi_time_precision - 12;
:vpi_module "/usr/lib64/ivl/system.vpi";
:vpi_module "/usr/lib64/ivl/vhdl_sys.vpi";
:vpi_module "/usr/lib64/ivl/vhdl_textio.vpi";
:vpi_module "/usr/lib64/ivl/v2005_math.vpi";
:vpi_module "/usr/lib64/ivl/va_math.vpi";
S_0x55ed4fc29be0 .scope module, "FormatScanner" "FormatScanner" 2 13;
 .timescale -9 -12;
    .port_info 0 /INPUT 1 "clock_i";
    .port_info 1 /INPUT 1 "enable_i";
    .port_info 2 /INPUT 1 "stall_i";
    .port_info 3 /INPUT 32 "instruction_i";
    .port_info 4 /INPUT 64 "instructionAddress_i";
    .port_info 5 /INPUT 1 "is64Bit_i";
    .port_info 6 /INPUT 20 "instructionPid_i";
    .port_info 7 /INPUT 16 "instructionTid_i";
    .port_info 8 /INPUT 64 "instructionMajId_i";
    .port_info 9 /OUTPUT 1 "outputEnable_o";
    .port_info 10 /OUTPUT 25 "instFormat_o";
    .port_info 11 /OUTPUT 6 "instOpcode_o";
    .port_info 12 /OUTPUT 32 "instruction_o";
    .port_info 13 /OUTPUT 64 "instructionAddress_o";
    .port_info 14 /OUTPUT 1 "is64Bit_o";
    .port_info 15 /OUTPUT 20 "instructionPid_o";
    .port_info 16 /OUTPUT 16 "instructionTid_o";
    .port_info 17 /OUTPUT 64 "instructionMajId_o";
P_0x55ed4fc33070 .param/l "A" 0 2 25, +C4<00000000000000000000000000000001>;
P_0x55ed4fc330b0 .param/l "B" 0 2 25, +C4<00000000000000000000000000000010>;
P_0x55ed4fc330f0 .param/l "D" 0 2 25, +C4<00000000000000000000000000000100>;
P_0x55ed4fc33130 .param/l "DQ" 0 2 25, +C4<00000000000000000000000000001000>;
P_0x55ed4fc33170 .param/l "DS" 0 2 25, +C4<00000000000000000000000000010000>;
P_0x55ed4fc331b0 .param/l "DX" 0 2 25, +C4<00000000000000000000000000100000>;
P_0x55ed4fc331f0 .param/l "I" 0 2 26, +C4<00000000000000000000000001000000>;
P_0x55ed4fc33230 .param/l "M" 0 2 26, +C4<00000000000000000000000010000000>;
P_0x55ed4fc33270 .param/l "MD" 0 2 26, +C4<00000000000000000000000100000000>;
P_0x55ed4fc332b0 .param/l "MDS" 0 2 26, +C4<00000000000000000000001000000000>;
P_0x55ed4fc332f0 .param/l "PidSize" 0 2 17, +C4<00000000000000000000000000010100>;
P_0x55ed4fc33330 .param/l "SC" 0 2 26, +C4<00000000000000000000010000000000>;
P_0x55ed4fc33370 .param/l "TidSize" 0 2 17, +C4<00000000000000000000000000010000>;
P_0x55ed4fc333b0 .param/l "VA" 0 2 26, +C4<00000000000000000000100000000000>;
P_0x55ed4fc333f0 .param/l "VC" 0 2 27, +C4<00000000000000000001000000000000>;
P_0x55ed4fc33430 .param/l "VX" 0 2 27, +C4<00000000000000000010000000000000>;
P_0x55ed4fc33470 .param/l "X" 0 2 27, +C4<00000000000000000100000000000000>;
P_0x55ed4fc334b0 .param/l "XFL" 0 2 27, +C4<00000000000000001000000000000000>;
P_0x55ed4fc334f0 .param/l "XFX" 0 2 27, +C4<00000000000000010000000000000000>;
P_0x55ed4fc33530 .param/l "XL" 0 2 27, +C4<00000000000000100000000000000000>;
P_0x55ed4fc33570 .param/l "XO" 0 2 28, +C4<00000000000001000000000000000000>;
P_0x55ed4fc335b0 .param/l "XS" 0 2 28, +C4<00000000000010000000000000000000>;
P_0x55ed4fc335f0 .param/l "XX2" 0 2 28, +C4<00000000000100000000000000000000>;
P_0x55ed4fc33630 .param/l "XX3" 0 2 28, +C4<00000000001000000000000000000000>;
P_0x55ed4fc33670 .param/l "XX4" 0 2 28, +C4<00000000010000000000000000000000>;
P_0x55ed4fc336b0 .param/l "Z22" 0 2 29, +C4<00000000100000000000000000000000>;
P_0x55ed4fc336f0 .param/l "Z23" 0 2 29, +C4<00000001000000000000000000000000>;
P_0x55ed4fc33730 .param/l "addressWidth" 0 2 15, +C4<00000000000000000000000001000000>;
P_0x55ed4fc33770 .param/l "formatScannerInstance" 0 2 20, +C4<00000000000000000000000000000000>;
P_0x55ed4fc337b0 .param/l "instructionCounterWidth" 0 2 18, +C4<00000000000000000000000001000000>;
P_0x55ed4fc337f0 .param/l "instructionWidth" 0 2 16, +C4<0000000000000000000000000000000000000000000000000000000000100000>;
P_0x55ed4fc33830 .param/l "primOpcodeSize" 0 2 19, +C4<00000000000000000000000000000110>;
o0x7fcc6b520018 .functor BUFZ 1, C4<z>; HiZ drive
v0x55ed4fc07620_0 .net "clock_i", 0 0, o0x7fcc6b520018;  0 drivers
o0x7fcc6b520048 .functor BUFZ 1, C4<z>; HiZ drive
v0x55ed4fc073e0_0 .net "enable_i", 0 0, o0x7fcc6b520048;  0 drivers
v0x55ed4fc071a0_0 .var "instFormat_o", 0 24;
v0x55ed4fc06f60_0 .var "instOpcode_o", 0 5;
o0x7fcc6b5200d8 .functor BUFZ 64, C4<zzzzzzzzzzzzzzzzzzzzzzzzzzzzzzzzzzzzzzzzzzzzzzzzzzzzzzzzzzzzzzzz>; HiZ drive
v0x55ed4fc06d20_0 .net "instructionAddress_i", 0 63, o0x7fcc6b5200d8;  0 drivers
v0x55ed4fbd02e0_0 .var "instructionAddress_o", 0 63;
o0x7fcc6b520138 .functor BUFZ 64, C4<zzzzzzzzzzzzzzzzzzzzzzzzzzzzzzzzzzzzzzzzzzzzzzzzzzzzzzzzzzzzzzzz>; HiZ drive
v0x55ed4fc51ba0_0 .net "instructionMajId_i", 0 63, o0x7fcc6b520138;  0 drivers
v0x55ed4fc51c80_0 .var "instructionMajId_o", 0 63;
o0x7fcc6b520198 .functor BUFZ 20, C4<zzzzzzzzzzzzzzzzzzzz>; HiZ drive
v0x55ed4fc51d60_0 .net "instructionPid_i", 0 19, o0x7fcc6b520198;  0 drivers
v0x55ed4fc51e40_0 .var "instructionPid_o", 0 19;
o0x7fcc6b5201f8 .functor BUFZ 16, C4<zzzzzzzzzzzzzzzz>; HiZ drive
v0x55ed4fc51f20_0 .net "instructionTid_i", 0 15, o0x7fcc6b5201f8;  0 drivers
v0x55ed4fc52000_0 .var "instructionTid_o", 0 15;
o0x7fcc6b520258 .functor BUFZ 32, C4<zzzzzzzzzzzzzzzzzzzzzzzzzzzzzzzz>; HiZ drive
v0x55ed4fc520e0_0 .net "instruction_i", 0 31, o0x7fcc6b520258;  0 drivers
v0x55ed4fc521c0_0 .var "instruction_o", 0 31;
o0x7fcc6b5202b8 .functor BUFZ 1, C4<z>; HiZ drive
v0x55ed4fc522a0_0 .net "is64Bit_i", 0 0, o0x7fcc6b5202b8;  0 drivers
v0x55ed4fc52360_0 .var "is64Bit_o", 0 0;
v0x55ed4fc52420_0 .var "outputEnable_o", 0 0;
o0x7fcc6b520348 .functor BUFZ 1, C4<z>; HiZ drive
v0x55ed4fc524e0_0 .net "stall_i", 0 0, o0x7fcc6b520348;  0 drivers
E_0x55ed4fc0dfc0 .event posedge, v0x55ed4fc07620_0;
    .scope S_0x55ed4fc29be0;
T_0 ;
    %wait E_0x55ed4fc0dfc0;
    %load/vec4 v0x55ed4fc073e0_0;
    %load/vec4 v0x55ed4fc524e0_0;
    %nor/r;
    %and;
    %flag_set/vec4 8;
    %jmp/0xz  T_0.0, 8;
    %load/vec4 v0x55ed4fc520e0_0;
    %assign/vec4 v0x55ed4fc521c0_0, 0;
    %load/vec4 v0x55ed4fc06d20_0;
    %assign/vec4 v0x55ed4fbd02e0_0, 0;
    %load/vec4 v0x55ed4fc522a0_0;
    %assign/vec4 v0x55ed4fc52360_0, 0;
    %load/vec4 v0x55ed4fc51d60_0;
    %assign/vec4 v0x55ed4fc51e40_0, 0;
    %load/vec4 v0x55ed4fc51f20_0;
    %assign/vec4 v0x55ed4fc52000_0, 0;
    %load/vec4 v0x55ed4fc51ba0_0;
    %assign/vec4 v0x55ed4fc51c80_0, 0;
    %load/vec4 v0x55ed4fc520e0_0;
    %parti/s 6, 26, 6;
    %assign/vec4 v0x55ed4fc06f60_0, 0;
    %load/vec4 v0x55ed4fc520e0_0;
    %parti/s 6, 26, 6;
    %dup/vec4;
    %pushi/vec4 18, 0, 6;
    %cmp/u;
    %jmp/1 T_0.2, 6;
    %dup/vec4;
    %pushi/vec4 16, 0, 6;
    %cmp/u;
    %jmp/1 T_0.3, 6;
    %dup/vec4;
    %pushi/vec4 19, 0, 6;
    %cmp/u;
    %jmp/1 T_0.4, 6;
    %dup/vec4;
    %pushi/vec4 17, 0, 6;
    %cmp/u;
    %jmp/1 T_0.5, 6;
    %dup/vec4;
    %pushi/vec4 34, 0, 6;
    %cmp/u;
    %jmp/1 T_0.6, 6;
    %dup/vec4;
    %pushi/vec4 35, 0, 6;
    %cmp/u;
    %jmp/1 T_0.7, 6;
    %dup/vec4;
    %pushi/vec4 31, 0, 6;
    %cmp/u;
    %jmp/1 T_0.8, 6;
    %dup/vec4;
    %pushi/vec4 40, 0, 6;
    %cmp/u;
    %jmp/1 T_0.9, 6;
    %dup/vec4;
    %pushi/vec4 41, 0, 6;
    %cmp/u;
    %jmp/1 T_0.10, 6;
    %dup/vec4;
    %pushi/vec4 42, 0, 6;
    %cmp/u;
    %jmp/1 T_0.11, 6;
    %dup/vec4;
    %pushi/vec4 43, 0, 6;
    %cmp/u;
    %jmp/1 T_0.12, 6;
    %dup/vec4;
    %pushi/vec4 32, 0, 6;
    %cmp/u;
    %jmp/1 T_0.13, 6;
    %dup/vec4;
    %pushi/vec4 33, 0, 6;
    %cmp/u;
    %jmp/1 T_0.14, 6;
    %dup/vec4;
    %pushi/vec4 58, 0, 6;
    %cmp/u;
    %jmp/1 T_0.15, 6;
    %dup/vec4;
    %pushi/vec4 38, 0, 6;
    %cmp/u;
    %jmp/1 T_0.16, 6;
    %dup/vec4;
    %pushi/vec4 39, 0, 6;
    %cmp/u;
    %jmp/1 T_0.17, 6;
    %dup/vec4;
    %pushi/vec4 44, 0, 6;
    %cmp/u;
    %jmp/1 T_0.18, 6;
    %dup/vec4;
    %pushi/vec4 45, 0, 6;
    %cmp/u;
    %jmp/1 T_0.19, 6;
    %dup/vec4;
    %pushi/vec4 36, 0, 6;
    %cmp/u;
    %jmp/1 T_0.20, 6;
    %dup/vec4;
    %pushi/vec4 37, 0, 6;
    %cmp/u;
    %jmp/1 T_0.21, 6;
    %dup/vec4;
    %pushi/vec4 62, 0, 6;
    %cmp/u;
    %jmp/1 T_0.22, 6;
    %dup/vec4;
    %pushi/vec4 56, 0, 6;
    %cmp/u;
    %jmp/1 T_0.23, 6;
    %dup/vec4;
    %pushi/vec4 62, 0, 6;
    %cmp/u;
    %jmp/1 T_0.24, 6;
    %dup/vec4;
    %pushi/vec4 46, 0, 6;
    %cmp/u;
    %jmp/1 T_0.25, 6;
    %dup/vec4;
    %pushi/vec4 47, 0, 6;
    %cmp/u;
    %jmp/1 T_0.26, 6;
    %dup/vec4;
    %pushi/vec4 14, 0, 6;
    %cmp/u;
    %jmp/1 T_0.27, 6;
    %dup/vec4;
    %pushi/vec4 15, 0, 6;
    %cmp/u;
    %jmp/1 T_0.28, 6;
    %dup/vec4;
    %pushi/vec4 12, 0, 6;
    %cmp/u;
    %jmp/1 T_0.29, 6;
    %dup/vec4;
    %pushi/vec4 13, 0, 6;
    %cmp/u;
    %jmp/1 T_0.30, 6;
    %dup/vec4;
    %pushi/vec4 8, 0, 6;
    %cmp/u;
    %jmp/1 T_0.31, 6;
    %dup/vec4;
    %pushi/vec4 7, 0, 6;
    %cmp/u;
    %jmp/1 T_0.32, 6;
    %dup/vec4;
    %pushi/vec4 4, 0, 6;
    %cmp/u;
    %jmp/1 T_0.33, 6;
    %dup/vec4;
    %pushi/vec4 11, 0, 6;
    %cmp/u;
    %jmp/1 T_0.34, 6;
    %dup/vec4;
    %pushi/vec4 10, 0, 6;
    %cmp/u;
    %jmp/1 T_0.35, 6;
    %dup/vec4;
    %pushi/vec4 3, 0, 6;
    %cmp/u;
    %jmp/1 T_0.36, 6;
    %dup/vec4;
    %pushi/vec4 2, 0, 6;
    %cmp/u;
    %jmp/1 T_0.37, 6;
    %dup/vec4;
    %pushi/vec4 28, 0, 6;
    %cmp/u;
    %jmp/1 T_0.38, 6;
    %dup/vec4;
    %pushi/vec4 29, 0, 6;
    %cmp/u;
    %jmp/1 T_0.39, 6;
    %dup/vec4;
    %pushi/vec4 24, 0, 6;
    %cmp/u;
    %jmp/1 T_0.40, 6;
    %dup/vec4;
    %pushi/vec4 25, 0, 6;
    %cmp/u;
    %jmp/1 T_0.41, 6;
    %dup/vec4;
    %pushi/vec4 26, 0, 6;
    %cmp/u;
    %jmp/1 T_0.42, 6;
    %dup/vec4;
    %pushi/vec4 27, 0, 6;
    %cmp/u;
    %jmp/1 T_0.43, 6;
    %dup/vec4;
    %pushi/vec4 21, 0, 6;
    %cmp/u;
    %jmp/1 T_0.44, 6;
    %dup/vec4;
    %pushi/vec4 23, 0, 6;
    %cmp/u;
    %jmp/1 T_0.45, 6;
    %dup/vec4;
    %pushi/vec4 20, 0, 6;
    %cmp/u;
    %jmp/1 T_0.46, 6;
    %dup/vec4;
    %pushi/vec4 30, 0, 6;
    %cmp/u;
    %jmp/1 T_0.47, 6;
    %dup/vec4;
    %pushi/vec4 30, 0, 6;
    %cmp/u;
    %jmp/1 T_0.48, 6;
    %dup/vec4;
    %pushi/vec4 48, 0, 6;
    %cmp/u;
    %jmp/1 T_0.49, 6;
    %dup/vec4;
    %pushi/vec4 49, 0, 6;
    %cmp/u;
    %jmp/1 T_0.50, 6;
    %dup/vec4;
    %pushi/vec4 50, 0, 6;
    %cmp/u;
    %jmp/1 T_0.51, 6;
    %dup/vec4;
    %pushi/vec4 51, 0, 6;
    %cmp/u;
    %jmp/1 T_0.52, 6;
    %dup/vec4;
    %pushi/vec4 52, 0, 6;
    %cmp/u;
    %jmp/1 T_0.53, 6;
    %dup/vec4;
    %pushi/vec4 53, 0, 6;
    %cmp/u;
    %jmp/1 T_0.54, 6;
    %dup/vec4;
    %pushi/vec4 54, 0, 6;
    %cmp/u;
    %jmp/1 T_0.55, 6;
    %dup/vec4;
    %pushi/vec4 55, 0, 6;
    %cmp/u;
    %jmp/1 T_0.56, 6;
    %dup/vec4;
    %pushi/vec4 57, 0, 6;
    %cmp/u;
    %jmp/1 T_0.57, 6;
    %dup/vec4;
    %pushi/vec4 61, 0, 6;
    %cmp/u;
    %jmp/1 T_0.58, 6;
    %dup/vec4;
    %pushi/vec4 63, 0, 6;
    %cmp/u;
    %jmp/1 T_0.59, 6;
    %dup/vec4;
    %pushi/vec4 59, 0, 6;
    %cmp/u;
    %jmp/1 T_0.60, 6;
    %dup/vec4;
    %pushi/vec4 60, 0, 6;
    %cmp/u;
    %jmp/1 T_0.61, 6;
    %pushi/vec4 0, 0, 1;
    %assign/vec4 v0x55ed4fc52420_0, 0;
    %jmp T_0.63;
T_0.2 ;
    %pushi/vec4 1, 0, 1;
    %assign/vec4 v0x55ed4fc52420_0, 0;
    %pushi/vec4 64, 0, 25;
    %assign/vec4 v0x55ed4fc071a0_0, 0;
    %jmp T_0.63;
T_0.3 ;
    %pushi/vec4 1, 0, 1;
    %assign/vec4 v0x55ed4fc52420_0, 0;
    %pushi/vec4 2, 0, 25;
    %assign/vec4 v0x55ed4fc071a0_0, 0;
    %jmp T_0.63;
T_0.4 ;
    %pushi/vec4 1, 0, 1;
    %assign/vec4 v0x55ed4fc52420_0, 0;
    %pushi/vec4 131104, 0, 25;
    %assign/vec4 v0x55ed4fc071a0_0, 0;
    %jmp T_0.63;
T_0.5 ;
    %pushi/vec4 1, 0, 1;
    %assign/vec4 v0x55ed4fc52420_0, 0;
    %pushi/vec4 1024, 0, 25;
    %assign/vec4 v0x55ed4fc071a0_0, 0;
    %jmp T_0.63;
T_0.6 ;
    %pushi/vec4 1, 0, 1;
    %assign/vec4 v0x55ed4fc52420_0, 0;
    %pushi/vec4 4, 0, 25;
    %assign/vec4 v0x55ed4fc071a0_0, 0;
    %jmp T_0.63;
T_0.7 ;
    %pushi/vec4 1, 0, 1;
    %assign/vec4 v0x55ed4fc52420_0, 0;
    %pushi/vec4 4, 0, 25;
    %assign/vec4 v0x55ed4fc071a0_0, 0;
    %jmp T_0.63;
T_0.8 ;
    %pushi/vec4 1, 0, 1;
    %assign/vec4 v0x55ed4fc52420_0, 0;
    %pushi/vec4 17645569, 0, 25;
    %assign/vec4 v0x55ed4fc071a0_0, 0;
    %jmp T_0.63;
T_0.9 ;
    %pushi/vec4 1, 0, 1;
    %assign/vec4 v0x55ed4fc52420_0, 0;
    %pushi/vec4 4, 0, 25;
    %assign/vec4 v0x55ed4fc071a0_0, 0;
    %jmp T_0.63;
T_0.10 ;
    %pushi/vec4 1, 0, 1;
    %assign/vec4 v0x55ed4fc52420_0, 0;
    %pushi/vec4 4, 0, 25;
    %assign/vec4 v0x55ed4fc071a0_0, 0;
    %jmp T_0.63;
T_0.11 ;
    %pushi/vec4 1, 0, 1;
    %assign/vec4 v0x55ed4fc52420_0, 0;
    %pushi/vec4 4, 0, 25;
    %assign/vec4 v0x55ed4fc071a0_0, 0;
    %jmp T_0.63;
T_0.12 ;
    %pushi/vec4 1, 0, 1;
    %assign/vec4 v0x55ed4fc52420_0, 0;
    %pushi/vec4 4, 0, 25;
    %assign/vec4 v0x55ed4fc071a0_0, 0;
    %jmp T_0.63;
T_0.13 ;
    %pushi/vec4 1, 0, 1;
    %assign/vec4 v0x55ed4fc52420_0, 0;
    %pushi/vec4 4, 0, 25;
    %assign/vec4 v0x55ed4fc071a0_0, 0;
    %jmp T_0.63;
T_0.14 ;
    %pushi/vec4 1, 0, 1;
    %assign/vec4 v0x55ed4fc52420_0, 0;
    %pushi/vec4 4, 0, 25;
    %assign/vec4 v0x55ed4fc071a0_0, 0;
    %jmp T_0.63;
T_0.15 ;
    %pushi/vec4 1, 0, 1;
    %assign/vec4 v0x55ed4fc52420_0, 0;
    %pushi/vec4 16, 0, 25;
    %assign/vec4 v0x55ed4fc071a0_0, 0;
    %jmp T_0.63;
T_0.16 ;
    %pushi/vec4 1, 0, 1;
    %assign/vec4 v0x55ed4fc52420_0, 0;
    %pushi/vec4 4, 0, 25;
    %assign/vec4 v0x55ed4fc071a0_0, 0;
    %jmp T_0.63;
T_0.17 ;
    %pushi/vec4 1, 0, 1;
    %assign/vec4 v0x55ed4fc52420_0, 0;
    %pushi/vec4 4, 0, 25;
    %assign/vec4 v0x55ed4fc071a0_0, 0;
    %jmp T_0.63;
T_0.18 ;
    %pushi/vec4 1, 0, 1;
    %assign/vec4 v0x55ed4fc52420_0, 0;
    %pushi/vec4 4, 0, 25;
    %assign/vec4 v0x55ed4fc071a0_0, 0;
    %jmp T_0.63;
T_0.19 ;
    %pushi/vec4 1, 0, 1;
    %assign/vec4 v0x55ed4fc52420_0, 0;
    %pushi/vec4 4, 0, 25;
    %assign/vec4 v0x55ed4fc071a0_0, 0;
    %jmp T_0.63;
T_0.20 ;
    %pushi/vec4 1, 0, 1;
    %assign/vec4 v0x55ed4fc52420_0, 0;
    %pushi/vec4 4, 0, 25;
    %assign/vec4 v0x55ed4fc071a0_0, 0;
    %jmp T_0.63;
T_0.21 ;
    %pushi/vec4 1, 0, 1;
    %assign/vec4 v0x55ed4fc52420_0, 0;
    %pushi/vec4 4, 0, 25;
    %assign/vec4 v0x55ed4fc071a0_0, 0;
    %jmp T_0.63;
T_0.22 ;
    %pushi/vec4 1, 0, 1;
    %assign/vec4 v0x55ed4fc52420_0, 0;
    %pushi/vec4 16, 0, 25;
    %assign/vec4 v0x55ed4fc071a0_0, 0;
    %jmp T_0.63;
T_0.23 ;
    %pushi/vec4 1, 0, 1;
    %assign/vec4 v0x55ed4fc52420_0, 0;
    %pushi/vec4 8, 0, 25;
    %assign/vec4 v0x55ed4fc071a0_0, 0;
    %jmp T_0.63;
T_0.24 ;
    %pushi/vec4 1, 0, 1;
    %assign/vec4 v0x55ed4fc52420_0, 0;
    %pushi/vec4 16, 0, 25;
    %assign/vec4 v0x55ed4fc071a0_0, 0;
    %jmp T_0.63;
T_0.25 ;
    %pushi/vec4 1, 0, 1;
    %assign/vec4 v0x55ed4fc52420_0, 0;
    %pushi/vec4 4, 0, 25;
    %assign/vec4 v0x55ed4fc071a0_0, 0;
    %jmp T_0.63;
T_0.26 ;
    %pushi/vec4 1, 0, 1;
    %assign/vec4 v0x55ed4fc52420_0, 0;
    %pushi/vec4 4, 0, 25;
    %assign/vec4 v0x55ed4fc071a0_0, 0;
    %jmp T_0.63;
T_0.27 ;
    %pushi/vec4 1, 0, 1;
    %assign/vec4 v0x55ed4fc52420_0, 0;
    %pushi/vec4 4, 0, 25;
    %assign/vec4 v0x55ed4fc071a0_0, 0;
    %jmp T_0.63;
T_0.28 ;
    %pushi/vec4 1, 0, 1;
    %assign/vec4 v0x55ed4fc52420_0, 0;
    %pushi/vec4 4, 0, 25;
    %assign/vec4 v0x55ed4fc071a0_0, 0;
    %jmp T_0.63;
T_0.29 ;
    %pushi/vec4 1, 0, 1;
    %assign/vec4 v0x55ed4fc52420_0, 0;
    %pushi/vec4 4, 0, 25;
    %assign/vec4 v0x55ed4fc071a0_0, 0;
    %jmp T_0.63;
T_0.30 ;
    %pushi/vec4 1, 0, 1;
    %assign/vec4 v0x55ed4fc52420_0, 0;
    %pushi/vec4 4, 0, 25;
    %assign/vec4 v0x55ed4fc071a0_0, 0;
    %jmp T_0.63;
T_0.31 ;
    %pushi/vec4 1, 0, 1;
    %assign/vec4 v0x55ed4fc52420_0, 0;
    %pushi/vec4 4, 0, 25;
    %assign/vec4 v0x55ed4fc071a0_0, 0;
    %jmp T_0.63;
T_0.32 ;
    %pushi/vec4 1, 0, 1;
    %assign/vec4 v0x55ed4fc52420_0, 0;
    %pushi/vec4 4, 0, 25;
    %assign/vec4 v0x55ed4fc071a0_0, 0;
    %jmp T_0.63;
T_0.33 ;
    %pushi/vec4 1, 0, 1;
    %assign/vec4 v0x55ed4fc52420_0, 0;
    %pushi/vec4 14336, 0, 25;
    %assign/vec4 v0x55ed4fc071a0_0, 0;
    %jmp T_0.63;
T_0.34 ;
    %pushi/vec4 1, 0, 1;
    %assign/vec4 v0x55ed4fc52420_0, 0;
    %pushi/vec4 4, 0, 25;
    %assign/vec4 v0x55ed4fc071a0_0, 0;
    %jmp T_0.63;
T_0.35 ;
    %pushi/vec4 1, 0, 1;
    %assign/vec4 v0x55ed4fc52420_0, 0;
    %pushi/vec4 4, 0, 25;
    %assign/vec4 v0x55ed4fc071a0_0, 0;
    %jmp T_0.63;
T_0.36 ;
    %pushi/vec4 1, 0, 1;
    %assign/vec4 v0x55ed4fc52420_0, 0;
    %pushi/vec4 4, 0, 25;
    %assign/vec4 v0x55ed4fc071a0_0, 0;
    %jmp T_0.63;
T_0.37 ;
    %pushi/vec4 1, 0, 1;
    %assign/vec4 v0x55ed4fc52420_0, 0;
    %pushi/vec4 4, 0, 25;
    %assign/vec4 v0x55ed4fc071a0_0, 0;
    %jmp T_0.63;
T_0.38 ;
    %pushi/vec4 1, 0, 1;
    %assign/vec4 v0x55ed4fc52420_0, 0;
    %pushi/vec4 4, 0, 25;
    %assign/vec4 v0x55ed4fc071a0_0, 0;
    %jmp T_0.63;
T_0.39 ;
    %pushi/vec4 1, 0, 1;
    %assign/vec4 v0x55ed4fc52420_0, 0;
    %pushi/vec4 4, 0, 25;
    %assign/vec4 v0x55ed4fc071a0_0, 0;
    %jmp T_0.63;
T_0.40 ;
    %pushi/vec4 1, 0, 1;
    %assign/vec4 v0x55ed4fc52420_0, 0;
    %pushi/vec4 4, 0, 25;
    %assign/vec4 v0x55ed4fc071a0_0, 0;
    %jmp T_0.63;
T_0.41 ;
    %pushi/vec4 1, 0, 1;
    %assign/vec4 v0x55ed4fc52420_0, 0;
    %pushi/vec4 4, 0, 25;
    %assign/vec4 v0x55ed4fc071a0_0, 0;
    %jmp T_0.63;
T_0.42 ;
    %pushi/vec4 1, 0, 1;
    %assign/vec4 v0x55ed4fc52420_0, 0;
    %pushi/vec4 4, 0, 25;
    %assign/vec4 v0x55ed4fc071a0_0, 0;
    %jmp T_0.63;
T_0.43 ;
    %pushi/vec4 1, 0, 1;
    %assign/vec4 v0x55ed4fc52420_0, 0;
    %pushi/vec4 4, 0, 25;
    %assign/vec4 v0x55ed4fc071a0_0, 0;
    %jmp T_0.63;
T_0.44 ;
    %pushi/vec4 1, 0, 1;
    %assign/vec4 v0x55ed4fc52420_0, 0;
    %pushi/vec4 128, 0, 25;
    %assign/vec4 v0x55ed4fc071a0_0, 0;
    %jmp T_0.63;
T_0.45 ;
    %pushi/vec4 1, 0, 1;
    %assign/vec4 v0x55ed4fc52420_0, 0;
    %pushi/vec4 128, 0, 25;
    %assign/vec4 v0x55ed4fc071a0_0, 0;
    %jmp T_0.63;
T_0.46 ;
    %pushi/vec4 1, 0, 1;
    %assign/vec4 v0x55ed4fc52420_0, 0;
    %pushi/vec4 128, 0, 25;
    %assign/vec4 v0x55ed4fc071a0_0, 0;
    %jmp T_0.63;
T_0.47 ;
    %pushi/vec4 1, 0, 1;
    %assign/vec4 v0x55ed4fc52420_0, 0;
    %pushi/vec4 256, 0, 25;
    %assign/vec4 v0x55ed4fc071a0_0, 0;
    %jmp T_0.63;
T_0.48 ;
    %pushi/vec4 1, 0, 1;
    %assign/vec4 v0x55ed4fc52420_0, 0;
    %pushi/vec4 512, 0, 25;
    %assign/vec4 v0x55ed4fc071a0_0, 0;
    %jmp T_0.63;
T_0.49 ;
    %pushi/vec4 1, 0, 1;
    %assign/vec4 v0x55ed4fc52420_0, 0;
    %pushi/vec4 4, 0, 25;
    %assign/vec4 v0x55ed4fc071a0_0, 0;
    %jmp T_0.63;
T_0.50 ;
    %pushi/vec4 1, 0, 1;
    %assign/vec4 v0x55ed4fc52420_0, 0;
    %pushi/vec4 4, 0, 25;
    %assign/vec4 v0x55ed4fc071a0_0, 0;
    %jmp T_0.63;
T_0.51 ;
    %pushi/vec4 1, 0, 1;
    %assign/vec4 v0x55ed4fc52420_0, 0;
    %pushi/vec4 4, 0, 25;
    %assign/vec4 v0x55ed4fc071a0_0, 0;
    %jmp T_0.63;
T_0.52 ;
    %pushi/vec4 1, 0, 1;
    %assign/vec4 v0x55ed4fc52420_0, 0;
    %pushi/vec4 4, 0, 25;
    %assign/vec4 v0x55ed4fc071a0_0, 0;
    %jmp T_0.63;
T_0.53 ;
    %pushi/vec4 1, 0, 1;
    %assign/vec4 v0x55ed4fc52420_0, 0;
    %pushi/vec4 4, 0, 25;
    %assign/vec4 v0x55ed4fc071a0_0, 0;
    %jmp T_0.63;
T_0.54 ;
    %pushi/vec4 1, 0, 1;
    %assign/vec4 v0x55ed4fc52420_0, 0;
    %pushi/vec4 4, 0, 25;
    %assign/vec4 v0x55ed4fc071a0_0, 0;
    %jmp T_0.63;
T_0.55 ;
    %pushi/vec4 1, 0, 1;
    %assign/vec4 v0x55ed4fc52420_0, 0;
    %pushi/vec4 4, 0, 25;
    %assign/vec4 v0x55ed4fc071a0_0, 0;
    %jmp T_0.63;
T_0.56 ;
    %pushi/vec4 1, 0, 1;
    %assign/vec4 v0x55ed4fc52420_0, 0;
    %pushi/vec4 4, 0, 25;
    %assign/vec4 v0x55ed4fc071a0_0, 0;
    %jmp T_0.63;
T_0.57 ;
    %pushi/vec4 1, 0, 1;
    %assign/vec4 v0x55ed4fc52420_0, 0;
    %pushi/vec4 16, 0, 25;
    %assign/vec4 v0x55ed4fc071a0_0, 0;
    %jmp T_0.63;
T_0.58 ;
    %pushi/vec4 1, 0, 1;
    %assign/vec4 v0x55ed4fc52420_0, 0;
    %pushi/vec4 16, 0, 25;
    %assign/vec4 v0x55ed4fc071a0_0, 0;
    %jmp T_0.63;
T_0.59 ;
    %pushi/vec4 1, 0, 1;
    %assign/vec4 v0x55ed4fc52420_0, 0;
    %pushi/vec4 25214977, 0, 25;
    %assign/vec4 v0x55ed4fc071a0_0, 0;
    %jmp T_0.63;
T_0.60 ;
    %pushi/vec4 1, 0, 1;
    %assign/vec4 v0x55ed4fc52420_0, 0;
    %pushi/vec4 25182209, 0, 25;
    %assign/vec4 v0x55ed4fc071a0_0, 0;
    %jmp T_0.63;
T_0.61 ;
    %pushi/vec4 1, 0, 1;
    %assign/vec4 v0x55ed4fc52420_0, 0;
    %pushi/vec4 3145728, 0, 25;
    %assign/vec4 v0x55ed4fc071a0_0, 0;
    %jmp T_0.63;
T_0.63 ;
    %pop/vec4 1;
    %jmp T_0.1;
T_0.0 ;
    %pushi/vec4 0, 0, 1;
    %assign/vec4 v0x55ed4fc52420_0, 0;
T_0.1 ;
    %jmp T_0;
    .thread T_0;
# The file index is used to find the file name in the following table.
:file_names 3;
    "N/A";
    "<interactive>";
    "DecodeFormatScan.v";
