45 nets failed to route:
 pid3_o[21]
 enable_i_bF$buf4
 majID2_o[41]
 tid1_o[60]
 tid4_o[16]
 addr1_o[21]
 addr1_o[43]
 tid2_o[44]
 bundlePid_i[28]
 addr2_o[22]
 bundle_i[46]
 bundle_i[42]
 addr4_o[40]
 addr4_o[41]
 tid1_o[31]
 bundle_i[34]
 addr2_o[25]
 instr4_o[18]
 bundle_i[52]
 bundle_i[9]
 instr2_o[30]
 tid4_o[0]
 tid1_o[54]
 bundle_i[43]
 addr3_o[26]
 bundleAddress_i[26]
 bundle_i[51]
 tid2_o[58]
 instr2_o[22]
 pid2_o[10]
 bundleAddress_i[11]
 _2442_
 bundleTid_i[23]
 tid1_o[58]
 bundle_i[126]
 tid4_o[30]
 addr1_o[30]
 instr3_o[20]
 bundle_i[55]
 tid1_o[23]
 tid2_o[60]
 pid3_o[10]
 bundlePid_i[9]
 bundleTid_i[11]
 addr4_o[11]
